This file contains any messages produced by compilers while
running configure, to aid debugging if configure makes a mistake.

It was created by resiprocate configure 1.10.0, which was
generated by GNU Autoconf 2.69.  Invocation command line was

  $ ./configure --disable-maintainer-mode --disable-dependency-tracking --with-popt --enable-ipv6 --enable-dtls --with-radcli --with-ssl --enable-assert-syslog --with-c-ares --with-mysql --with-postgresql --with-repro --enable-repro-plugins --with-python DEPS_PYTHON_CFLAGS=-I/usr/include/python2.7 -I/usr/include/x86_64-linux-gnu/python2.7  -fno-strict-aliasing -D_FORTIFY_SOURCE=2 -g -fstack-protector-strong -Wformat -Werror=format-security  -DNDEBUG -g -fwrapv -O2 -Wall -Wstrict-prototypes DEPS_PYTHON_LIBS=-L/usr/lib/python2.7/config-x86_64-linux-gnu -L/usr/lib -lpython2.7 -lpthread -ldl  -lutil -lm  -Xlinker -export-dynamic -Wl,-O1 -Wl,-Bsymbolic-functions PYCXX_SRCDIR=/usr/share/python2.7/CXX/Python2 --with-apps --with-ichat-gw --with-recon

## --------- ##
## Platform. ##
## --------- ##

hostname = localhost
uname -m = x86_64
uname -r = 3.16.0-4-amd64
uname -s = Linux
uname -v = #1 SMP Debian 3.16.7-ckt25-2 (2016-04-08)

/usr/bin/uname -p = unknown
/bin/uname -X     = unknown

/bin/arch              = unknown
/usr/bin/arch -k       = unknown
/usr/convex/getsysinfo = unknown
/usr/bin/hostinfo      = unknown
/bin/machine           = unknown
/usr/bin/oslevel       = unknown
/bin/universe          = unknown

PATH: /usr/local/sbin
PATH: /usr/local/bin
PATH: /usr/sbin
PATH: /usr/bin
PATH: /sbin
PATH: /bin


## ----------- ##
## Core tests. ##
## ----------- ##

configure:2578: checking for a BSD-compatible install
configure:2646: result: /usr/bin/install -c
configure:2657: checking whether build environment is sane
configure:2712: result: yes
configure:2863: checking for a thread-safe mkdir -p
configure:2902: result: /bin/mkdir -p
configure:2909: checking for gawk
configure:2925: found /usr/bin/gawk
configure:2936: result: gawk
configure:2947: checking whether make sets $(MAKE)
configure:2969: result: yes
configure:2998: checking whether make supports nested variables
configure:3015: result: yes
configure:3147: checking build system type
configure:3161: result: x86_64-unknown-linux-gnu
configure:3181: checking host system type
configure:3194: result: x86_64-unknown-linux-gnu
configure:3265: checking for gcc
configure:3281: found /usr/bin/gcc
configure:3292: result: gcc
configure:3521: checking for C compiler version
configure:3530: gcc --version >&5
gcc (Debian 4.9.2-10) 4.9.2
Copyright (C) 2014 Free Software Foundation, Inc.
This is free software; see the source for copying conditions.  There is NO
warranty; not even for MERCHANTABILITY or FITNESS FOR A PARTICULAR PURPOSE.

configure:3541: $? = 0
configure:3530: gcc -v >&5
Using built-in specs.
COLLECT_GCC=gcc
COLLECT_LTO_WRAPPER=/usr/lib/gcc/x86_64-linux-gnu/4.9/lto-wrapper
Target: x86_64-linux-gnu
Configured with: ../src/configure -v --with-pkgversion='Debian 4.9.2-10' --with-bugurl=file:///usr/share/doc/gcc-4.9/README.Bugs --enable-languages=c,c++,java,go,d,fortran,objc,obj-c++ --prefix=/usr --program-suffix=-4.9 --enable-shared --enable-linker-build-id --libexecdir=/usr/lib --without-included-gettext --enable-threads=posix --with-gxx-include-dir=/usr/include/c++/4.9 --libdir=/usr/lib --enable-nls --with-sysroot=/ --enable-clocale=gnu --enable-libstdcxx-debug --enable-libstdcxx-time=yes --enable-gnu-unique-object --disable-vtable-verify --enable-plugin --with-system-zlib --disable-browser-plugin --enable-java-awt=gtk --enable-gtk-cairo --with-java-home=/usr/lib/jvm/java-1.5.0-gcj-4.9-amd64/jre --enable-java-home --with-jvm-root-dir=/usr/lib/jvm/java-1.5.0-gcj-4.9-amd64 --with-jvm-jar-dir=/usr/lib/jvm-exports/java-1.5.0-gcj-4.9-amd64 --with-arch-directory=amd64 --with-ecj-jar=/usr/share/java/eclipse-ecj.jar --enable-objc-gc --enable-multiarch --with-arch-32=i586 --with-abi=m64 --with-multilib-list=m32,m64,mx32 --enable-multilib --with-tune=generic --enable-checking=release --build=x86_64-linux-gnu --host=x86_64-linux-gnu --target=x86_64-linux-gnu
Thread model: posix
gcc version 4.9.2 (Debian 4.9.2-10) 
configure:3541: $? = 0
configure:3530: gcc -V >&5
gcc: error: unrecognized command line option '-V'
gcc: fatal error: no input files
compilation terminated.
configure:3541: $? = 4
configure:3530: gcc -qversion >&5
gcc: error: unrecognized command line option '-qversion'
gcc: fatal error: no input files
compilation terminated.
configure:3541: $? = 4
configure:3561: checking whether the C compiler works
configure:3583: gcc -g -O2 -fPIE -fstack-protector --param=ssp-buffer-size=4 -Wformat -Werror=format-security -D_FORTIFY_SOURCE=2 -I/usr/include/telepathy-qt4 -I/usr/include/qt4 -I/usr/include/qt4/QtCore -I/usr/include/qt4/QtNetwork -I/usr/include/qt4/QtDBus -I/usr/include/postgresql -I/usr/include/sipxtapi -I/usr/include/gloox -D__pingtel_on_posix__ -D_linux_ -D_REENTRANT -D_FILE_OFFS -DDEFAULT_BRIDGE_MAX_IN_OUTPUTS=20 -D__STDC_LIMIT_MACROS -D__STDC_CONSTANT_MACROS -D__STDC_FORMAT_MACROS -fPIE -pie -Wl,-z,relro -Wl,-z,now -lcares conftest.c  >&5
configure:3587: $? = 0
configure:3635: result: yes
configure:3638: checking for C compiler default output file name
configure:3640: result: a.out
configure:3646: checking for suffix of executables
configure:3653: gcc -o conftest -g -O2 -fPIE -fstack-protector --param=ssp-buffer-size=4 -Wformat -Werror=format-security -D_FORTIFY_SOURCE=2 -I/usr/include/telepathy-qt4 -I/usr/include/qt4 -I/usr/include/qt4/QtCore -I/usr/include/qt4/QtNetwork -I/usr/include/qt4/QtDBus -I/usr/include/postgresql -I/usr/include/sipxtapi -I/usr/include/gloox -D__pingtel_on_posix__ -D_linux_ -D_REENTRANT -D_FILE_OFFS -DDEFAULT_BRIDGE_MAX_IN_OUTPUTS=20 -D__STDC_LIMIT_MACROS -D__STDC_CONSTANT_MACROS -D__STDC_FORMAT_MACROS -fPIE -pie -Wl,-z,relro -Wl,-z,now -lcares conftest.c  >&5
configure:3657: $? = 0
configure:3679: result: 
configure:3701: checking whether we are cross compiling
configure:3709: gcc -o conftest -g -O2 -fPIE -fstack-protector --param=ssp-buffer-size=4 -Wformat -Werror=format-security -D_FORTIFY_SOURCE=2 -I/usr/include/telepathy-qt4 -I/usr/include/qt4 -I/usr/include/qt4/QtCore -I/usr/include/qt4/QtNetwork -I/usr/include/qt4/QtDBus -I/usr/include/postgresql -I/usr/include/sipxtapi -I/usr/include/gloox -D__pingtel_on_posix__ -D_linux_ -D_REENTRANT -D_FILE_OFFS -DDEFAULT_BRIDGE_MAX_IN_OUTPUTS=20 -D__STDC_LIMIT_MACROS -D__STDC_CONSTANT_MACROS -D__STDC_FORMAT_MACROS -fPIE -pie -Wl,-z,relro -Wl,-z,now -lcares conftest.c  >&5
configure:3713: $? = 0
configure:3720: ./conftest
configure:3724: $? = 0
configure:3739: result: no
configure:3744: checking for suffix of object files
configure:3766: gcc -c -g -O2 -fPIE -fstack-protector --param=ssp-buffer-size=4 -Wformat -Werror=format-security -D_FORTIFY_SOURCE=2 -I/usr/include/telepathy-qt4 -I/usr/include/qt4 -I/usr/include/qt4/QtCore -I/usr/include/qt4/QtNetwork -I/usr/include/qt4/QtDBus -I/usr/include/postgresql -I/usr/include/sipxtapi -I/usr/include/gloox -D__pingtel_on_posix__ -D_linux_ -D_REENTRANT -D_FILE_OFFS -DDEFAULT_BRIDGE_MAX_IN_OUTPUTS=20 -D__STDC_LIMIT_MACROS -D__STDC_CONSTANT_MACROS -D__STDC_FORMAT_MACROS conftest.c >&5
configure:3770: $? = 0
configure:3791: result: o
configure:3795: checking whether we are using the GNU C compiler
configure:3814: gcc -c -g -O2 -fPIE -fstack-protector --param=ssp-buffer-size=4 -Wformat -Werror=format-security -D_FORTIFY_SOURCE=2 -I/usr/include/telepathy-qt4 -I/usr/include/qt4 -I/usr/include/qt4/QtCore -I/usr/include/qt4/QtNetwork -I/usr/include/qt4/QtDBus -I/usr/include/postgresql -I/usr/include/sipxtapi -I/usr/include/gloox -D__pingtel_on_posix__ -D_linux_ -D_REENTRANT -D_FILE_OFFS -DDEFAULT_BRIDGE_MAX_IN_OUTPUTS=20 -D__STDC_LIMIT_MACROS -D__STDC_CONSTANT_MACROS -D__STDC_FORMAT_MACROS conftest.c >&5
configure:3814: $? = 0
configure:3823: result: yes
configure:3832: checking whether gcc accepts -g
configure:3852: gcc -c -g -D_FORTIFY_SOURCE=2 -I/usr/include/telepathy-qt4 -I/usr/include/qt4 -I/usr/include/qt4/QtCore -I/usr/include/qt4/QtNetwork -I/usr/include/qt4/QtDBus -I/usr/include/postgresql -I/usr/include/sipxtapi -I/usr/include/gloox -D__pingtel_on_posix__ -D_linux_ -D_REENTRANT -D_FILE_OFFS -DDEFAULT_BRIDGE_MAX_IN_OUTPUTS=20 -D__STDC_LIMIT_MACROS -D__STDC_CONSTANT_MACROS -D__STDC_FORMAT_MACROS conftest.c >&5
configure:3852: $? = 0
configure:3893: result: yes
configure:3910: checking for gcc option to accept ISO C89
configure:3973: gcc  -c -g -O2 -fPIE -fstack-protector --param=ssp-buffer-size=4 -Wformat -Werror=format-security -D_FORTIFY_SOURCE=2 -I/usr/include/telepathy-qt4 -I/usr/include/qt4 -I/usr/include/qt4/QtCore -I/usr/include/qt4/QtNetwork -I/usr/include/qt4/QtDBus -I/usr/include/postgresql -I/usr/include/sipxtapi -I/usr/include/gloox -D__pingtel_on_posix__ -D_linux_ -D_REENTRANT -D_FILE_OFFS -DDEFAULT_BRIDGE_MAX_IN_OUTPUTS=20 -D__STDC_LIMIT_MACROS -D__STDC_CONSTANT_MACROS -D__STDC_FORMAT_MACROS conftest.c >&5
configure:3973: $? = 0
configure:3986: result: none needed
configure:4011: checking whether gcc understands -c and -o together
configure:4033: gcc -c conftest.c -o conftest2.o
configure:4036: $? = 0
configure:4033: gcc -c conftest.c -o conftest2.o
configure:4036: $? = 0
configure:4048: result: yes
configure:4076: checking for style of include used by make
configure:4104: result: GNU
configure:4130: checking dependency style of gcc
configure:4241: result: none
configure:4314: checking for g++
configure:4330: found /usr/bin/g++
configure:4341: result: g++
configure:4368: checking for C++ compiler version
configure:4377: g++ --version >&5
g++ (Debian 4.9.2-10) 4.9.2
Copyright (C) 2014 Free Software Foundation, Inc.
This is free software; see the source for copying conditions.  There is NO
warranty; not even for MERCHANTABILITY or FITNESS FOR A PARTICULAR PURPOSE.

configure:4388: $? = 0
configure:4377: g++ -v >&5
Using built-in specs.
COLLECT_GCC=g++
COLLECT_LTO_WRAPPER=/usr/lib/gcc/x86_64-linux-gnu/4.9/lto-wrapper
Target: x86_64-linux-gnu
Configured with: ../src/configure -v --with-pkgversion='Debian 4.9.2-10' --with-bugurl=file:///usr/share/doc/gcc-4.9/README.Bugs --enable-languages=c,c++,java,go,d,fortran,objc,obj-c++ --prefix=/usr --program-suffix=-4.9 --enable-shared --enable-linker-build-id --libexecdir=/usr/lib --without-included-gettext --enable-threads=posix --with-gxx-include-dir=/usr/include/c++/4.9 --libdir=/usr/lib --enable-nls --with-sysroot=/ --enable-clocale=gnu --enable-libstdcxx-debug --enable-libstdcxx-time=yes --enable-gnu-unique-object --disable-vtable-verify --enable-plugin --with-system-zlib --disable-browser-plugin --enable-java-awt=gtk --enable-gtk-cairo --with-java-home=/usr/lib/jvm/java-1.5.0-gcj-4.9-amd64/jre --enable-java-home --with-jvm-root-dir=/usr/lib/jvm/java-1.5.0-gcj-4.9-amd64 --with-jvm-jar-dir=/usr/lib/jvm-exports/java-1.5.0-gcj-4.9-amd64 --with-arch-directory=amd64 --with-ecj-jar=/usr/share/java/eclipse-ecj.jar --enable-objc-gc --enable-multiarch --with-arch-32=i586 --with-abi=m64 --with-multilib-list=m32,m64,mx32 --enable-multilib --with-tune=generic --enable-checking=release --build=x86_64-linux-gnu --host=x86_64-linux-gnu --target=x86_64-linux-gnu
Thread model: posix
gcc version 4.9.2 (Debian 4.9.2-10) 
configure:4388: $? = 0
configure:4377: g++ -V >&5
g++: error: unrecognized command line option '-V'
g++: fatal error: no input files
compilation terminated.
configure:4388: $? = 4
configure:4377: g++ -qversion >&5
g++: error: unrecognized command line option '-qversion'
g++: fatal error: no input files
compilation terminated.
configure:4388: $? = 4
configure:4392: checking whether we are using the GNU C++ compiler
configure:4411: g++ -c -g -O2 -fPIE -fstack-protector --param=ssp-buffer-size=4 -Wformat -Werror=format-security -fpermissive -D_FORTIFY_SOURCE=2 -I/usr/include/telepathy-qt4 -I/usr/include/qt4 -I/usr/include/qt4/QtCore -I/usr/include/qt4/QtNetwork -I/usr/include/qt4/QtDBus -I/usr/include/postgresql -I/usr/include/sipxtapi -I/usr/include/gloox -D__pingtel_on_posix__ -D_linux_ -D_REENTRANT -D_FILE_OFFS -DDEFAULT_BRIDGE_MAX_IN_OUTPUTS=20 -D__STDC_LIMIT_MACROS -D__STDC_CONSTANT_MACROS -D__STDC_FORMAT_MACROS conftest.cpp >&5
configure:4411: $? = 0
configure:4420: result: yes
configure:4429: checking whether g++ accepts -g
configure:4449: g++ -c -g -D_FORTIFY_SOURCE=2 -I/usr/include/telepathy-qt4 -I/usr/include/qt4 -I/usr/include/qt4/QtCore -I/usr/include/qt4/QtNetwork -I/usr/include/qt4/QtDBus -I/usr/include/postgresql -I/usr/include/sipxtapi -I/usr/include/gloox -D__pingtel_on_posix__ -D_linux_ -D_REENTRANT -D_FILE_OFFS -DDEFAULT_BRIDGE_MAX_IN_OUTPUTS=20 -D__STDC_LIMIT_MACROS -D__STDC_CONSTANT_MACROS -D__STDC_FORMAT_MACROS conftest.cpp >&5
configure:4449: $? = 0
configure:4490: result: yes
configure:4515: checking dependency style of g++
configure:4626: result: none
configure:4690: checking how to print strings
configure:4717: result: printf
configure:4738: checking for a sed that does not truncate output
configure:4802: result: /bin/sed
configure:4820: checking for grep that handles long lines and -e
configure:4878: result: /bin/grep
configure:4883: checking for egrep
configure:4945: result: /bin/grep -E
configure:4950: checking for fgrep
configure:5012: result: /bin/grep -F
configure:5047: checking for ld used by gcc
configure:5114: result: /usr/bin/ld
configure:5121: checking if the linker (/usr/bin/ld) is GNU ld
configure:5136: result: yes
configure:5148: checking for BSD- or MS-compatible name lister (nm)
configure:5197: result: /usr/bin/nm -B
configure:5327: checking the name lister (/usr/bin/nm -B) interface
configure:5334: gcc -c -g -O2 -fPIE -fstack-protector --param=ssp-buffer-size=4 -Wformat -Werror=format-security -D_FORTIFY_SOURCE=2 -I/usr/include/telepathy-qt4 -I/usr/include/qt4 -I/usr/include/qt4/QtCore -I/usr/include/qt4/QtNetwork -I/usr/include/qt4/QtDBus -I/usr/include/postgresql -I/usr/include/sipxtapi -I/usr/include/gloox -D__pingtel_on_posix__ -D_linux_ -D_REENTRANT -D_FILE_OFFS -DDEFAULT_BRIDGE_MAX_IN_OUTPUTS=20 -D__STDC_LIMIT_MACROS -D__STDC_CONSTANT_MACROS -D__STDC_FORMAT_MACROS conftest.c >&5
configure:5337: /usr/bin/nm -B "conftest.o"
configure:5340: output
0000000000000000 B some_variable
configure:5347: result: BSD nm
configure:5350: checking whether ln -s works
configure:5354: result: yes
configure:5362: checking the maximum length of command line arguments
configure:5493: result: 1572864
configure:5510: checking whether the shell understands some XSI constructs
configure:5520: result: yes
configure:5524: checking whether the shell understands "+="
configure:5530: result: yes
configure:5565: checking how to convert x86_64-unknown-linux-gnu file names to x86_64-unknown-linux-gnu format
configure:5605: result: func_convert_file_noop
configure:5612: checking how to convert x86_64-unknown-linux-gnu file names to toolchain format
configure:5632: result: func_convert_file_noop
configure:5639: checking for /usr/bin/ld option to reload object files
configure:5646: result: -r
configure:5720: checking for objdump
configure:5736: found /usr/bin/objdump
configure:5747: result: objdump
configure:5779: checking how to recognize dependent libraries
configure:5977: result: pass_all
configure:6062: checking for dlltool
configure:6092: result: no
configure:6122: checking how to associate runtime and link libraries
configure:6149: result: printf %s\n
configure:6210: checking for ar
configure:6226: found /usr/bin/ar
configure:6237: result: ar
configure:6274: checking for archiver @FILE support
configure:6291: gcc -c -g -O2 -fPIE -fstack-protector --param=ssp-buffer-size=4 -Wformat -Werror=format-security -D_FORTIFY_SOURCE=2 -I/usr/include/telepathy-qt4 -I/usr/include/qt4 -I/usr/include/qt4/QtCore -I/usr/include/qt4/QtNetwork -I/usr/include/qt4/QtDBus -I/usr/include/postgresql -I/usr/include/sipxtapi -I/usr/include/gloox -D__pingtel_on_posix__ -D_linux_ -D_REENTRANT -D_FILE_OFFS -DDEFAULT_BRIDGE_MAX_IN_OUTPUTS=20 -D__STDC_LIMIT_MACROS -D__STDC_CONSTANT_MACROS -D__STDC_FORMAT_MACROS conftest.c >&5
configure:6291: $? = 0
configure:6294: ar cru libconftest.a @conftest.lst >&5
configure:6297: $? = 0
configure:6302: ar cru libconftest.a @conftest.lst >&5
ar: conftest.o: No such file or directory
configure:6305: $? = 1
configure:6317: result: @
configure:6375: checking for strip
configure:6391: found /usr/bin/strip
configure:6402: result: strip
configure:6474: checking for ranlib
configure:6490: found /usr/bin/ranlib
configure:6501: result: ranlib
configure:6603: checking command to parse /usr/bin/nm -B output from gcc object
configure:6723: gcc -c -g -O2 -fPIE -fstack-protector --param=ssp-buffer-size=4 -Wformat -Werror=format-security -D_FORTIFY_SOURCE=2 -I/usr/include/telepathy-qt4 -I/usr/include/qt4 -I/usr/include/qt4/QtCore -I/usr/include/qt4/QtNetwork -I/usr/include/qt4/QtDBus -I/usr/include/postgresql -I/usr/include/sipxtapi -I/usr/include/gloox -D__pingtel_on_posix__ -D_linux_ -D_REENTRANT -D_FILE_OFFS -DDEFAULT_BRIDGE_MAX_IN_OUTPUTS=20 -D__STDC_LIMIT_MACROS -D__STDC_CONSTANT_MACROS -D__STDC_FORMAT_MACROS conftest.c >&5
configure:6726: $? = 0
configure:6730: /usr/bin/nm -B conftest.o \| sed -n -e 's/^.*[ ]\([ABCDGIRSTW][ABCDGIRSTW]*\)[ ][ ]*\([_A-Za-z][_A-Za-z0-9]*\)$/\1 \2 \2/p' | sed '/ __gnu_lto/d' \> conftest.nm
configure:6733: $? = 0
configure:6799: gcc -o conftest -g -O2 -fPIE -fstack-protector --param=ssp-buffer-size=4 -Wformat -Werror=format-security -D_FORTIFY_SOURCE=2 -I/usr/include/telepathy-qt4 -I/usr/include/qt4 -I/usr/include/qt4/QtCore -I/usr/include/qt4/QtNetwork -I/usr/include/qt4/QtDBus -I/usr/include/postgresql -I/usr/include/sipxtapi -I/usr/include/gloox -D__pingtel_on_posix__ -D_linux_ -D_REENTRANT -D_FILE_OFFS -DDEFAULT_BRIDGE_MAX_IN_OUTPUTS=20 -D__STDC_LIMIT_MACROS -D__STDC_CONSTANT_MACROS -D__STDC_FORMAT_MACROS -fPIE -pie -Wl,-z,relro -Wl,-z,now -lcares conftest.c conftstm.o >&5
configure:6802: $? = 0
configure:6840: result: ok
configure:6877: checking for sysroot
configure:6907: result: no
configure:6984: gcc -c -g -O2 -fPIE -fstack-protector --param=ssp-buffer-size=4 -Wformat -Werror=format-security -D_FORTIFY_SOURCE=2 -I/usr/include/telepathy-qt4 -I/usr/include/qt4 -I/usr/include/qt4/QtCore -I/usr/include/qt4/QtNetwork -I/usr/include/qt4/QtDBus -I/usr/include/postgresql -I/usr/include/sipxtapi -I/usr/include/gloox -D__pingtel_on_posix__ -D_linux_ -D_REENTRANT -D_FILE_OFFS -DDEFAULT_BRIDGE_MAX_IN_OUTPUTS=20 -D__STDC_LIMIT_MACROS -D__STDC_CONSTANT_MACROS -D__STDC_FORMAT_MACROS conftest.c >&5
configure:6987: $? = 0
configure:7176: checking for mt
configure:7192: found /bin/mt
configure:7203: result: mt
configure:7226: checking if mt is a manifest tool
configure:7232: mt '-?'
configure:7240: result: no
configure:7882: checking how to run the C preprocessor
configure:7913: gcc -E -D_FORTIFY_SOURCE=2 -I/usr/include/telepathy-qt4 -I/usr/include/qt4 -I/usr/include/qt4/QtCore -I/usr/include/qt4/QtNetwork -I/usr/include/qt4/QtDBus -I/usr/include/postgresql -I/usr/include/sipxtapi -I/usr/include/gloox -D__pingtel_on_posix__ -D_linux_ -D_REENTRANT -D_FILE_OFFS -DDEFAULT_BRIDGE_MAX_IN_OUTPUTS=20 -D__STDC_LIMIT_MACROS -D__STDC_CONSTANT_MACROS -D__STDC_FORMAT_MACROS conftest.c
configure:7913: $? = 0
configure:7927: gcc -E -D_FORTIFY_SOURCE=2 -I/usr/include/telepathy-qt4 -I/usr/include/qt4 -I/usr/include/qt4/QtCore -I/usr/include/qt4/QtNetwork -I/usr/include/qt4/QtDBus -I/usr/include/postgresql -I/usr/include/sipxtapi -I/usr/include/gloox -D__pingtel_on_posix__ -D_linux_ -D_REENTRANT -D_FILE_OFFS -DDEFAULT_BRIDGE_MAX_IN_OUTPUTS=20 -D__STDC_LIMIT_MACROS -D__STDC_CONSTANT_MACROS -D__STDC_FORMAT_MACROS conftest.c
conftest.c:11:28: fatal error: ac_nonexistent.h: No such file or directory
 #include <ac_nonexistent.h>
                            ^
compilation terminated.
configure:7927: $? = 1
configure: failed program was:
| /* confdefs.h */
| #define PACKAGE_NAME "resiprocate"
| #define PACKAGE_TARNAME "resiprocate"
| #define PACKAGE_VERSION "1.10.0"
| #define PACKAGE_STRING "resiprocate 1.10.0"
| #define PACKAGE_BUGREPORT ""
| #define PACKAGE_URL ""
| #define PACKAGE "resiprocate"
| #define VERSION "1.10.0"
| /* end confdefs.h.  */
| #include <ac_nonexistent.h>
configure:7952: result: gcc -E
configure:7972: gcc -E -D_FORTIFY_SOURCE=2 -I/usr/include/telepathy-qt4 -I/usr/include/qt4 -I/usr/include/qt4/QtCore -I/usr/include/qt4/QtNetwork -I/usr/include/qt4/QtDBus -I/usr/include/postgresql -I/usr/include/sipxtapi -I/usr/include/gloox -D__pingtel_on_posix__ -D_linux_ -D_REENTRANT -D_FILE_OFFS -DDEFAULT_BRIDGE_MAX_IN_OUTPUTS=20 -D__STDC_LIMIT_MACROS -D__STDC_CONSTANT_MACROS -D__STDC_FORMAT_MACROS conftest.c
configure:7972: $? = 0
configure:7986: gcc -E -D_FORTIFY_SOURCE=2 -I/usr/include/telepathy-qt4 -I/usr/include/qt4 -I/usr/include/qt4/QtCore -I/usr/include/qt4/QtNetwork -I/usr/include/qt4/QtDBus -I/usr/include/postgresql -I/usr/include/sipxtapi -I/usr/include/gloox -D__pingtel_on_posix__ -D_linux_ -D_REENTRANT -D_FILE_OFFS -DDEFAULT_BRIDGE_MAX_IN_OUTPUTS=20 -D__STDC_LIMIT_MACROS -D__STDC_CONSTANT_MACROS -D__STDC_FORMAT_MACROS conftest.c
conftest.c:11:28: fatal error: ac_nonexistent.h: No such file or directory
 #include <ac_nonexistent.h>
                            ^
compilation terminated.
configure:7986: $? = 1
configure: failed program was:
| /* confdefs.h */
| #define PACKAGE_NAME "resiprocate"
| #define PACKAGE_TARNAME "resiprocate"
| #define PACKAGE_VERSION "1.10.0"
| #define PACKAGE_STRING "resiprocate 1.10.0"
| #define PACKAGE_BUGREPORT ""
| #define PACKAGE_URL ""
| #define PACKAGE "resiprocate"
| #define VERSION "1.10.0"
| /* end confdefs.h.  */
| #include <ac_nonexistent.h>
configure:8015: checking for ANSI C header files
configure:8035: gcc -c -g -O2 -fPIE -fstack-protector --param=ssp-buffer-size=4 -Wformat -Werror=format-security -D_FORTIFY_SOURCE=2 -I/usr/include/telepathy-qt4 -I/usr/include/qt4 -I/usr/include/qt4/QtCore -I/usr/include/qt4/QtNetwork -I/usr/include/qt4/QtDBus -I/usr/include/postgresql -I/usr/include/sipxtapi -I/usr/include/gloox -D__pingtel_on_posix__ -D_linux_ -D_REENTRANT -D_FILE_OFFS -DDEFAULT_BRIDGE_MAX_IN_OUTPUTS=20 -D__STDC_LIMIT_MACROS -D__STDC_CONSTANT_MACROS -D__STDC_FORMAT_MACROS conftest.c >&5
configure:8035: $? = 0
configure:8108: gcc -o conftest -g -O2 -fPIE -fstack-protector --param=ssp-buffer-size=4 -Wformat -Werror=format-security -D_FORTIFY_SOURCE=2 -I/usr/include/telepathy-qt4 -I/usr/include/qt4 -I/usr/include/qt4/QtCore -I/usr/include/qt4/QtNetwork -I/usr/include/qt4/QtDBus -I/usr/include/postgresql -I/usr/include/sipxtapi -I/usr/include/gloox -D__pingtel_on_posix__ -D_linux_ -D_REENTRANT -D_FILE_OFFS -DDEFAULT_BRIDGE_MAX_IN_OUTPUTS=20 -D__STDC_LIMIT_MACROS -D__STDC_CONSTANT_MACROS -D__STDC_FORMAT_MACROS -fPIE -pie -Wl,-z,relro -Wl,-z,now -lcares conftest.c  >&5
configure:8108: $? = 0
configure:8108: ./conftest
configure:8108: $? = 0
configure:8119: result: yes
configure:8132: checking for sys/types.h
configure:8132: gcc -c -g -O2 -fPIE -fstack-protector --param=ssp-buffer-size=4 -Wformat -Werror=format-security -D_FORTIFY_SOURCE=2 -I/usr/include/telepathy-qt4 -I/usr/include/qt4 -I/usr/include/qt4/QtCore -I/usr/include/qt4/QtNetwork -I/usr/include/qt4/QtDBus -I/usr/include/postgresql -I/usr/include/sipxtapi -I/usr/include/gloox -D__pingtel_on_posix__ -D_linux_ -D_REENTRANT -D_FILE_OFFS -DDEFAULT_BRIDGE_MAX_IN_OUTPUTS=20 -D__STDC_LIMIT_MACROS -D__STDC_CONSTANT_MACROS -D__STDC_FORMAT_MACROS conftest.c >&5
configure:8132: $? = 0
configure:8132: result: yes
configure:8132: checking for sys/stat.h
configure:8132: gcc -c -g -O2 -fPIE -fstack-protector --param=ssp-buffer-size=4 -Wformat -Werror=format-security -D_FORTIFY_SOURCE=2 -I/usr/include/telepathy-qt4 -I/usr/include/qt4 -I/usr/include/qt4/QtCore -I/usr/include/qt4/QtNetwork -I/usr/include/qt4/QtDBus -I/usr/include/postgresql -I/usr/include/sipxtapi -I/usr/include/gloox -D__pingtel_on_posix__ -D_linux_ -D_REENTRANT -D_FILE_OFFS -DDEFAULT_BRIDGE_MAX_IN_OUTPUTS=20 -D__STDC_LIMIT_MACROS -D__STDC_CONSTANT_MACROS -D__STDC_FORMAT_MACROS conftest.c >&5
configure:8132: $? = 0
configure:8132: result: yes
configure:8132: checking for stdlib.h
configure:8132: gcc -c -g -O2 -fPIE -fstack-protector --param=ssp-buffer-size=4 -Wformat -Werror=format-security -D_FORTIFY_SOURCE=2 -I/usr/include/telepathy-qt4 -I/usr/include/qt4 -I/usr/include/qt4/QtCore -I/usr/include/qt4/QtNetwork -I/usr/include/qt4/QtDBus -I/usr/include/postgresql -I/usr/include/sipxtapi -I/usr/include/gloox -D__pingtel_on_posix__ -D_linux_ -D_REENTRANT -D_FILE_OFFS -DDEFAULT_BRIDGE_MAX_IN_OUTPUTS=20 -D__STDC_LIMIT_MACROS -D__STDC_CONSTANT_MACROS -D__STDC_FORMAT_MACROS conftest.c >&5
configure:8132: $? = 0
configure:8132: result: yes
configure:8132: checking for string.h
configure:8132: gcc -c -g -O2 -fPIE -fstack-protector --param=ssp-buffer-size=4 -Wformat -Werror=format-security -D_FORTIFY_SOURCE=2 -I/usr/include/telepathy-qt4 -I/usr/include/qt4 -I/usr/include/qt4/QtCore -I/usr/include/qt4/QtNetwork -I/usr/include/qt4/QtDBus -I/usr/include/postgresql -I/usr/include/sipxtapi -I/usr/include/gloox -D__pingtel_on_posix__ -D_linux_ -D_REENTRANT -D_FILE_OFFS -DDEFAULT_BRIDGE_MAX_IN_OUTPUTS=20 -D__STDC_LIMIT_MACROS -D__STDC_CONSTANT_MACROS -D__STDC_FORMAT_MACROS conftest.c >&5
configure:8132: $? = 0
configure:8132: result: yes
configure:8132: checking for memory.h
configure:8132: gcc -c -g -O2 -fPIE -fstack-protector --param=ssp-buffer-size=4 -Wformat -Werror=format-security -D_FORTIFY_SOURCE=2 -I/usr/include/telepathy-qt4 -I/usr/include/qt4 -I/usr/include/qt4/QtCore -I/usr/include/qt4/QtNetwork -I/usr/include/qt4/QtDBus -I/usr/include/postgresql -I/usr/include/sipxtapi -I/usr/include/gloox -D__pingtel_on_posix__ -D_linux_ -D_REENTRANT -D_FILE_OFFS -DDEFAULT_BRIDGE_MAX_IN_OUTPUTS=20 -D__STDC_LIMIT_MACROS -D__STDC_CONSTANT_MACROS -D__STDC_FORMAT_MACROS conftest.c >&5
configure:8132: $? = 0
configure:8132: result: yes
configure:8132: checking for strings.h
configure:8132: gcc -c -g -O2 -fPIE -fstack-protector --param=ssp-buffer-size=4 -Wformat -Werror=format-security -D_FORTIFY_SOURCE=2 -I/usr/include/telepathy-qt4 -I/usr/include/qt4 -I/usr/include/qt4/QtCore -I/usr/include/qt4/QtNetwork -I/usr/include/qt4/QtDBus -I/usr/include/postgresql -I/usr/include/sipxtapi -I/usr/include/gloox -D__pingtel_on_posix__ -D_linux_ -D_REENTRANT -D_FILE_OFFS -DDEFAULT_BRIDGE_MAX_IN_OUTPUTS=20 -D__STDC_LIMIT_MACROS -D__STDC_CONSTANT_MACROS -D__STDC_FORMAT_MACROS conftest.c >&5
configure:8132: $? = 0
configure:8132: result: yes
configure:8132: checking for inttypes.h
configure:8132: gcc -c -g -O2 -fPIE -fstack-protector --param=ssp-buffer-size=4 -Wformat -Werror=format-security -D_FORTIFY_SOURCE=2 -I/usr/include/telepathy-qt4 -I/usr/include/qt4 -I/usr/include/qt4/QtCore -I/usr/include/qt4/QtNetwork -I/usr/include/qt4/QtDBus -I/usr/include/postgresql -I/usr/include/sipxtapi -I/usr/include/gloox -D__pingtel_on_posix__ -D_linux_ -D_REENTRANT -D_FILE_OFFS -DDEFAULT_BRIDGE_MAX_IN_OUTPUTS=20 -D__STDC_LIMIT_MACROS -D__STDC_CONSTANT_MACROS -D__STDC_FORMAT_MACROS conftest.c >&5
configure:8132: $? = 0
configure:8132: result: yes
configure:8132: checking for stdint.h
configure:8132: gcc -c -g -O2 -fPIE -fstack-protector --param=ssp-buffer-size=4 -Wformat -Werror=format-security -D_FORTIFY_SOURCE=2 -I/usr/include/telepathy-qt4 -I/usr/include/qt4 -I/usr/include/qt4/QtCore -I/usr/include/qt4/QtNetwork -I/usr/include/qt4/QtDBus -I/usr/include/postgresql -I/usr/include/sipxtapi -I/usr/include/gloox -D__pingtel_on_posix__ -D_linux_ -D_REENTRANT -D_FILE_OFFS -DDEFAULT_BRIDGE_MAX_IN_OUTPUTS=20 -D__STDC_LIMIT_MACROS -D__STDC_CONSTANT_MACROS -D__STDC_FORMAT_MACROS conftest.c >&5
configure:8132: $? = 0
configure:8132: result: yes
configure:8132: checking for unistd.h
configure:8132: gcc -c -g -O2 -fPIE -fstack-protector --param=ssp-buffer-size=4 -Wformat -Werror=format-security -D_FORTIFY_SOURCE=2 -I/usr/include/telepathy-qt4 -I/usr/include/qt4 -I/usr/include/qt4/QtCore -I/usr/include/qt4/QtNetwork -I/usr/include/qt4/QtDBus -I/usr/include/postgresql -I/usr/include/sipxtapi -I/usr/include/gloox -D__pingtel_on_posix__ -D_linux_ -D_REENTRANT -D_FILE_OFFS -DDEFAULT_BRIDGE_MAX_IN_OUTPUTS=20 -D__STDC_LIMIT_MACROS -D__STDC_CONSTANT_MACROS -D__STDC_FORMAT_MACROS conftest.c >&5
configure:8132: $? = 0
configure:8132: result: yes
configure:8146: checking for dlfcn.h
configure:8146: gcc -c -g -O2 -fPIE -fstack-protector --param=ssp-buffer-size=4 -Wformat -Werror=format-security -D_FORTIFY_SOURCE=2 -I/usr/include/telepathy-qt4 -I/usr/include/qt4 -I/usr/include/qt4/QtCore -I/usr/include/qt4/QtNetwork -I/usr/include/qt4/QtDBus -I/usr/include/postgresql -I/usr/include/sipxtapi -I/usr/include/gloox -D__pingtel_on_posix__ -D_linux_ -D_REENTRANT -D_FILE_OFFS -DDEFAULT_BRIDGE_MAX_IN_OUTPUTS=20 -D__STDC_LIMIT_MACROS -D__STDC_CONSTANT_MACROS -D__STDC_FORMAT_MACROS conftest.c >&5
configure:8146: $? = 0
configure:8146: result: yes
configure:8363: checking for objdir
configure:8378: result: .libs
configure:8649: checking if gcc supports -fno-rtti -fno-exceptions
configure:8667: gcc -c -g -O2 -fPIE -fstack-protector --param=ssp-buffer-size=4 -Wformat -Werror=format-security -D_FORTIFY_SOURCE=2 -I/usr/include/telepathy-qt4 -I/usr/include/qt4 -I/usr/include/qt4/QtCore -I/usr/include/qt4/QtNetwork -I/usr/include/qt4/QtDBus -I/usr/include/postgresql -I/usr/include/sipxtapi -I/usr/include/gloox -D__pingtel_on_posix__ -D_linux_ -D_REENTRANT -D_FILE_OFFS -DDEFAULT_BRIDGE_MAX_IN_OUTPUTS=20 -D__STDC_LIMIT_MACROS -D__STDC_CONSTANT_MACROS -D__STDC_FORMAT_MACROS -fno-rtti -fno-exceptions conftest.c >&5
cc1: warning: command line option '-fno-rtti' is valid for C++/ObjC++ but not for C
configure:8671: $? = 0
configure:8684: result: no
configure:9011: checking for gcc option to produce PIC
configure:9018: result: -fPIC -DPIC
configure:9026: checking if gcc PIC flag -fPIC -DPIC works
configure:9044: gcc -c -g -O2 -fPIE -fstack-protector --param=ssp-buffer-size=4 -Wformat -Werror=format-security -D_FORTIFY_SOURCE=2 -I/usr/include/telepathy-qt4 -I/usr/include/qt4 -I/usr/include/qt4/QtCore -I/usr/include/qt4/QtNetwork -I/usr/include/qt4/QtDBus -I/usr/include/postgresql -I/usr/include/sipxtapi -I/usr/include/gloox -D__pingtel_on_posix__ -D_linux_ -D_REENTRANT -D_FILE_OFFS -DDEFAULT_BRIDGE_MAX_IN_OUTPUTS=20 -D__STDC_LIMIT_MACROS -D__STDC_CONSTANT_MACROS -D__STDC_FORMAT_MACROS -fPIC -DPIC -DPIC conftest.c >&5
configure:9048: $? = 0
configure:9061: result: yes
configure:9090: checking if gcc static flag -static works
configure:9118: result: no
configure:9133: checking if gcc supports -c -o file.o
configure:9154: gcc -c -g -O2 -fPIE -fstack-protector --param=ssp-buffer-size=4 -Wformat -Werror=format-security -D_FORTIFY_SOURCE=2 -I/usr/include/telepathy-qt4 -I/usr/include/qt4 -I/usr/include/qt4/QtCore -I/usr/include/qt4/QtNetwork -I/usr/include/qt4/QtDBus -I/usr/include/postgresql -I/usr/include/sipxtapi -I/usr/include/gloox -D__pingtel_on_posix__ -D_linux_ -D_REENTRANT -D_FILE_OFFS -DDEFAULT_BRIDGE_MAX_IN_OUTPUTS=20 -D__STDC_LIMIT_MACROS -D__STDC_CONSTANT_MACROS -D__STDC_FORMAT_MACROS -o out/conftest2.o conftest.c >&5
configure:9158: $? = 0
configure:9180: result: yes
configure:9188: checking if gcc supports -c -o file.o
configure:9235: result: yes
configure:9268: checking whether the gcc linker (/usr/bin/ld -m elf_x86_64) supports shared libraries
configure:10425: result: yes
configure:10462: checking whether -lc should be explicitly linked in
configure:10470: gcc -c -g -O2 -fPIE -fstack-protector --param=ssp-buffer-size=4 -Wformat -Werror=format-security -D_FORTIFY_SOURCE=2 -I/usr/include/telepathy-qt4 -I/usr/include/qt4 -I/usr/include/qt4/QtCore -I/usr/include/qt4/QtNetwork -I/usr/include/qt4/QtDBus -I/usr/include/postgresql -I/usr/include/sipxtapi -I/usr/include/gloox -D__pingtel_on_posix__ -D_linux_ -D_REENTRANT -D_FILE_OFFS -DDEFAULT_BRIDGE_MAX_IN_OUTPUTS=20 -D__STDC_LIMIT_MACROS -D__STDC_CONSTANT_MACROS -D__STDC_FORMAT_MACROS conftest.c >&5
configure:10473: $? = 0
configure:10488: gcc -shared  -fPIC -DPIC conftest.o  -v -Wl,-soname -Wl,conftest -o conftest 2\>\&1 \| /bin/grep  -lc  \>/dev/null 2\>\&1
configure:10491: $? = 0
configure:10505: result: no
configure:10665: checking dynamic linker characteristics
configure:11165: gcc -o conftest -g -O2 -fPIE -fstack-protector --param=ssp-buffer-size=4 -Wformat -Werror=format-security -D_FORTIFY_SOURCE=2 -I/usr/include/telepathy-qt4 -I/usr/include/qt4 -I/usr/include/qt4/QtCore -I/usr/include/qt4/QtNetwork -I/usr/include/qt4/QtDBus -I/usr/include/postgresql -I/usr/include/sipxtapi -I/usr/include/gloox -D__pingtel_on_posix__ -D_linux_ -D_REENTRANT -D_FILE_OFFS -DDEFAULT_BRIDGE_MAX_IN_OUTPUTS=20 -D__STDC_LIMIT_MACROS -D__STDC_CONSTANT_MACROS -D__STDC_FORMAT_MACROS -fPIE -pie -Wl,-z,relro -Wl,-z,now -lcares -Wl,-rpath -Wl,/foo conftest.c  >&5
configure:11165: $? = 0
configure:11399: result: GNU/Linux ld.so
configure:11506: checking how to hardcode library paths into programs
configure:11531: result: immediate
configure:12071: checking whether stripping libraries is possible
configure:12076: result: yes
configure:12111: checking if libtool supports shared libraries
configure:12113: result: yes
configure:12116: checking whether to build shared libraries
configure:12137: result: yes
configure:12140: checking whether to build static libraries
configure:12144: result: yes
configure:12167: checking how to run the C++ preprocessor
configure:12194: g++ -E -D_FORTIFY_SOURCE=2 -I/usr/include/telepathy-qt4 -I/usr/include/qt4 -I/usr/include/qt4/QtCore -I/usr/include/qt4/QtNetwork -I/usr/include/qt4/QtDBus -I/usr/include/postgresql -I/usr/include/sipxtapi -I/usr/include/gloox -D__pingtel_on_posix__ -D_linux_ -D_REENTRANT -D_FILE_OFFS -DDEFAULT_BRIDGE_MAX_IN_OUTPUTS=20 -D__STDC_LIMIT_MACROS -D__STDC_CONSTANT_MACROS -D__STDC_FORMAT_MACROS conftest.cpp
configure:12194: $? = 0
configure:12208: g++ -E -D_FORTIFY_SOURCE=2 -I/usr/include/telepathy-qt4 -I/usr/include/qt4 -I/usr/include/qt4/QtCore -I/usr/include/qt4/QtNetwork -I/usr/include/qt4/QtDBus -I/usr/include/postgresql -I/usr/include/sipxtapi -I/usr/include/gloox -D__pingtel_on_posix__ -D_linux_ -D_REENTRANT -D_FILE_OFFS -DDEFAULT_BRIDGE_MAX_IN_OUTPUTS=20 -D__STDC_LIMIT_MACROS -D__STDC_CONSTANT_MACROS -D__STDC_FORMAT_MACROS conftest.cpp
conftest.cpp:23:28: fatal error: ac_nonexistent.h: No such file or directory
 #include <ac_nonexistent.h>
                            ^
compilation terminated.
configure:12208: $? = 1
configure: failed program was:
| /* confdefs.h */
| #define PACKAGE_NAME "resiprocate"
| #define PACKAGE_TARNAME "resiprocate"
| #define PACKAGE_VERSION "1.10.0"
| #define PACKAGE_STRING "resiprocate 1.10.0"
| #define PACKAGE_BUGREPORT ""
| #define PACKAGE_URL ""
| #define PACKAGE "resiprocate"
| #define VERSION "1.10.0"
| #define STDC_HEADERS 1
| #define HAVE_SYS_TYPES_H 1
| #define HAVE_SYS_STAT_H 1
| #define HAVE_STDLIB_H 1
| #define HAVE_STRING_H 1
| #define HAVE_MEMORY_H 1
| #define HAVE_STRINGS_H 1
| #define HAVE_INTTYPES_H 1
| #define HAVE_STDINT_H 1
| #define HAVE_UNISTD_H 1
| #define HAVE_DLFCN_H 1
| #define LT_OBJDIR ".libs/"
| /* end confdefs.h.  */
| #include <ac_nonexistent.h>
configure:12233: result: g++ -E
configure:12253: g++ -E -D_FORTIFY_SOURCE=2 -I/usr/include/telepathy-qt4 -I/usr/include/qt4 -I/usr/include/qt4/QtCore -I/usr/include/qt4/QtNetwork -I/usr/include/qt4/QtDBus -I/usr/include/postgresql -I/usr/include/sipxtapi -I/usr/include/gloox -D__pingtel_on_posix__ -D_linux_ -D_REENTRANT -D_FILE_OFFS -DDEFAULT_BRIDGE_MAX_IN_OUTPUTS=20 -D__STDC_LIMIT_MACROS -D__STDC_CONSTANT_MACROS -D__STDC_FORMAT_MACROS conftest.cpp
configure:12253: $? = 0
configure:12267: g++ -E -D_FORTIFY_SOURCE=2 -I/usr/include/telepathy-qt4 -I/usr/include/qt4 -I/usr/include/qt4/QtCore -I/usr/include/qt4/QtNetwork -I/usr/include/qt4/QtDBus -I/usr/include/postgresql -I/usr/include/sipxtapi -I/usr/include/gloox -D__pingtel_on_posix__ -D_linux_ -D_REENTRANT -D_FILE_OFFS -DDEFAULT_BRIDGE_MAX_IN_OUTPUTS=20 -D__STDC_LIMIT_MACROS -D__STDC_CONSTANT_MACROS -D__STDC_FORMAT_MACROS conftest.cpp
conftest.cpp:23:28: fatal error: ac_nonexistent.h: No such file or directory
 #include <ac_nonexistent.h>
                            ^
compilation terminated.
configure:12267: $? = 1
configure: failed program was:
| /* confdefs.h */
| #define PACKAGE_NAME "resiprocate"
| #define PACKAGE_TARNAME "resiprocate"
| #define PACKAGE_VERSION "1.10.0"
| #define PACKAGE_STRING "resiprocate 1.10.0"
| #define PACKAGE_BUGREPORT ""
| #define PACKAGE_URL ""
| #define PACKAGE "resiprocate"
| #define VERSION "1.10.0"
| #define STDC_HEADERS 1
| #define HAVE_SYS_TYPES_H 1
| #define HAVE_SYS_STAT_H 1
| #define HAVE_STDLIB_H 1
| #define HAVE_STRING_H 1
| #define HAVE_MEMORY_H 1
| #define HAVE_STRINGS_H 1
| #define HAVE_INTTYPES_H 1
| #define HAVE_STDINT_H 1
| #define HAVE_UNISTD_H 1
| #define HAVE_DLFCN_H 1
| #define LT_OBJDIR ".libs/"
| /* end confdefs.h.  */
| #include <ac_nonexistent.h>
configure:12436: checking for ld used by g++
configure:12503: result: /usr/bin/ld -m elf_x86_64
configure:12510: checking if the linker (/usr/bin/ld -m elf_x86_64) is GNU ld
configure:12525: result: yes
configure:12580: checking whether the g++ linker (/usr/bin/ld -m elf_x86_64) supports shared libraries
configure:13582: result: yes
configure:13618: g++ -c -g -O2 -fPIE -fstack-protector --param=ssp-buffer-size=4 -Wformat -Werror=format-security -fpermissive -D_FORTIFY_SOURCE=2 -I/usr/include/telepathy-qt4 -I/usr/include/qt4 -I/usr/include/qt4/QtCore -I/usr/include/qt4/QtNetwork -I/usr/include/qt4/QtDBus -I/usr/include/postgresql -I/usr/include/sipxtapi -I/usr/include/gloox -D__pingtel_on_posix__ -D_linux_ -D_REENTRANT -D_FILE_OFFS -DDEFAULT_BRIDGE_MAX_IN_OUTPUTS=20 -D__STDC_LIMIT_MACROS -D__STDC_CONSTANT_MACROS -D__STDC_FORMAT_MACROS conftest.cpp >&5
configure:13621: $? = 0
configure:14141: checking for g++ option to produce PIC
configure:14148: result: -fPIC -DPIC
configure:14156: checking if g++ PIC flag -fPIC -DPIC works
configure:14174: g++ -c -g -O2 -fPIE -fstack-protector --param=ssp-buffer-size=4 -Wformat -Werror=format-security -fpermissive -D_FORTIFY_SOURCE=2 -I/usr/include/telepathy-qt4 -I/usr/include/qt4 -I/usr/include/qt4/QtCore -I/usr/include/qt4/QtNetwork -I/usr/include/qt4/QtDBus -I/usr/include/postgresql -I/usr/include/sipxtapi -I/usr/include/gloox -D__pingtel_on_posix__ -D_linux_ -D_REENTRANT -D_FILE_OFFS -DDEFAULT_BRIDGE_MAX_IN_OUTPUTS=20 -D__STDC_LIMIT_MACROS -D__STDC_CONSTANT_MACROS -D__STDC_FORMAT_MACROS -fPIC -DPIC -DPIC conftest.cpp >&5
configure:14178: $? = 0
configure:14191: result: yes
configure:14214: checking if g++ static flag -static works
configure:14242: result: no
configure:14254: checking if g++ supports -c -o file.o
configure:14275: g++ -c -g -O2 -fPIE -fstack-protector --param=ssp-buffer-size=4 -Wformat -Werror=format-security -fpermissive -D_FORTIFY_SOURCE=2 -I/usr/include/telepathy-qt4 -I/usr/include/qt4 -I/usr/include/qt4/QtCore -I/usr/include/qt4/QtNetwork -I/usr/include/qt4/QtDBus -I/usr/include/postgresql -I/usr/include/sipxtapi -I/usr/include/gloox -D__pingtel_on_posix__ -D_linux_ -D_REENTRANT -D_FILE_OFFS -DDEFAULT_BRIDGE_MAX_IN_OUTPUTS=20 -D__STDC_LIMIT_MACROS -D__STDC_CONSTANT_MACROS -D__STDC_FORMAT_MACROS -o out/conftest2.o conftest.cpp >&5
configure:14279: $? = 0
configure:14301: result: yes
configure:14306: checking if g++ supports -c -o file.o
configure:14353: result: yes
configure:14383: checking whether the g++ linker (/usr/bin/ld -m elf_x86_64) supports shared libraries
configure:14422: result: yes
configure:14563: checking dynamic linker characteristics
configure:15231: result: GNU/Linux ld.so
configure:15284: checking how to hardcode library paths into programs
configure:15309: result: immediate
configure:15371: checking for a sed that does not truncate output
configure:15435: result: /bin/sed
configure:15441: checking whether make sets $(MAKE)
configure:15463: result: yes
configure:15515: checking for ranlib
configure:15542: result: ranlib
configure:15569: checking  for GNU warning flags
configure:15574: result: yes
configure:15663: checking whether byte ordering is bigendian
configure:15678: gcc -c -g -O2 -fPIE -fstack-protector --param=ssp-buffer-size=4 -Wformat -Werror=format-security -Wall -Wno-deprecated -D_FORTIFY_SOURCE=2 -I/usr/include/telepathy-qt4 -I/usr/include/qt4 -I/usr/include/qt4/QtCore -I/usr/include/qt4/QtNetwork -I/usr/include/qt4/QtDBus -I/usr/include/postgresql -I/usr/include/sipxtapi -I/usr/include/gloox -D__pingtel_on_posix__ -D_linux_ -D_REENTRANT -D_FILE_OFFS -DDEFAULT_BRIDGE_MAX_IN_OUTPUTS=20 -D__STDC_LIMIT_MACROS -D__STDC_CONSTANT_MACROS -D__STDC_FORMAT_MACROS conftest.c >&5
conftest.c:28:9: error: unknown type name 'not'
         not a universal capable compiler
         ^
conftest.c:28:15: error: expected '=', ',', ';', 'asm' or '__attribute__' before 'universal'
         not a universal capable compiler
               ^
conftest.c:28:15: error: unknown type name 'universal'
configure:15678: $? = 1
configure: failed program was:
| /* confdefs.h */
| #define PACKAGE_NAME "resiprocate"
| #define PACKAGE_TARNAME "resiprocate"
| #define PACKAGE_VERSION "1.10.0"
| #define PACKAGE_STRING "resiprocate 1.10.0"
| #define PACKAGE_BUGREPORT ""
| #define PACKAGE_URL ""
| #define PACKAGE "resiprocate"
| #define VERSION "1.10.0"
| #define STDC_HEADERS 1
| #define HAVE_SYS_TYPES_H 1
| #define HAVE_SYS_STAT_H 1
| #define HAVE_STDLIB_H 1
| #define HAVE_STRING_H 1
| #define HAVE_MEMORY_H 1
| #define HAVE_STRINGS_H 1
| #define HAVE_INTTYPES_H 1
| #define HAVE_STDINT_H 1
| #define HAVE_UNISTD_H 1
| #define HAVE_DLFCN_H 1
| #define LT_OBJDIR ".libs/"
| #define OS_MAJOR_VER 3
| #define OS_MINOR_VER 16
| #define OS_POINT_VER 0
| #define OS_PATCH_VER 0
| /* end confdefs.h.  */
| #ifndef __APPLE_CC__
| 	       not a universal capable compiler
| 	     #endif
| 	     typedef int dummy;
| 
configure:15723: gcc -c -g -O2 -fPIE -fstack-protector --param=ssp-buffer-size=4 -Wformat -Werror=format-security -Wall -Wno-deprecated -D_FORTIFY_SOURCE=2 -I/usr/include/telepathy-qt4 -I/usr/include/qt4 -I/usr/include/qt4/QtCore -I/usr/include/qt4/QtNetwork -I/usr/include/qt4/QtDBus -I/usr/include/postgresql -I/usr/include/sipxtapi -I/usr/include/gloox -D__pingtel_on_posix__ -D_linux_ -D_REENTRANT -D_FILE_OFFS -DDEFAULT_BRIDGE_MAX_IN_OUTPUTS=20 -D__STDC_LIMIT_MACROS -D__STDC_CONSTANT_MACROS -D__STDC_FORMAT_MACROS conftest.c >&5
configure:15723: $? = 0
configure:15741: gcc -c -g -O2 -fPIE -fstack-protector --param=ssp-buffer-size=4 -Wformat -Werror=format-security -Wall -Wno-deprecated -D_FORTIFY_SOURCE=2 -I/usr/include/telepathy-qt4 -I/usr/include/qt4 -I/usr/include/qt4/QtCore -I/usr/include/qt4/QtNetwork -I/usr/include/qt4/QtDBus -I/usr/include/postgresql -I/usr/include/sipxtapi -I/usr/include/gloox -D__pingtel_on_posix__ -D_linux_ -D_REENTRANT -D_FILE_OFFS -DDEFAULT_BRIDGE_MAX_IN_OUTPUTS=20 -D__STDC_LIMIT_MACROS -D__STDC_CONSTANT_MACROS -D__STDC_FORMAT_MACROS conftest.c >&5
conftest.c: In function 'main':
conftest.c:34:4: error: unknown type name 'not'
    not big endian
    ^
conftest.c:34:12: error: expected '=', ',', ';', 'asm' or '__attribute__' before 'endian'
    not big endian
            ^
configure:15741: $? = 1
configure: failed program was:
| /* confdefs.h */
| #define PACKAGE_NAME "resiprocate"
| #define PACKAGE_TARNAME "resiprocate"
| #define PACKAGE_VERSION "1.10.0"
| #define PACKAGE_STRING "resiprocate 1.10.0"
| #define PACKAGE_BUGREPORT ""
| #define PACKAGE_URL ""
| #define PACKAGE "resiprocate"
| #define VERSION "1.10.0"
| #define STDC_HEADERS 1
| #define HAVE_SYS_TYPES_H 1
| #define HAVE_SYS_STAT_H 1
| #define HAVE_STDLIB_H 1
| #define HAVE_STRING_H 1
| #define HAVE_MEMORY_H 1
| #define HAVE_STRINGS_H 1
| #define HAVE_INTTYPES_H 1
| #define HAVE_STDINT_H 1
| #define HAVE_UNISTD_H 1
| #define HAVE_DLFCN_H 1
| #define LT_OBJDIR ".libs/"
| #define OS_MAJOR_VER 3
| #define OS_MINOR_VER 16
| #define OS_POINT_VER 0
| #define OS_PATCH_VER 0
| /* end confdefs.h.  */
| #include <sys/types.h>
| 		#include <sys/param.h>
| 
| int
| main ()
| {
| #if BYTE_ORDER != BIG_ENDIAN
| 		 not big endian
| 		#endif
| 
|   ;
|   return 0;
| }
configure:15869: result: no
configure:15894: checking for struct sockaddr_in.sin_len
configure:15894: gcc -c -g -O2 -fPIE -fstack-protector --param=ssp-buffer-size=4 -Wformat -Werror=format-security -Wall -Wno-deprecated -D_FORTIFY_SOURCE=2 -I/usr/include/telepathy-qt4 -I/usr/include/qt4 -I/usr/include/qt4/QtCore -I/usr/include/qt4/QtNetwork -I/usr/include/qt4/QtDBus -I/usr/include/postgresql -I/usr/include/sipxtapi -I/usr/include/gloox -D__pingtel_on_posix__ -D_linux_ -D_REENTRANT -D_FILE_OFFS -DDEFAULT_BRIDGE_MAX_IN_OUTPUTS=20 -D__STDC_LIMIT_MACROS -D__STDC_CONSTANT_MACROS -D__STDC_FORMAT_MACROS -DRESIP_OSTYPE_LINUX -DRESIP_ARCH_X86_64 -DRESIP_LARCH_ -D_REENTRANT -DRESIP_TOOLCHAIN_GNU conftest.c >&5
conftest.c: In function 'main':
conftest.c:33:12: error: 'struct sockaddr_in' has no member named 'sin_len'
 if (ac_aggr.sin_len)
            ^
conftest.c:32:27: warning: variable 'ac_aggr' set but not used [-Wunused-but-set-variable]
 static struct sockaddr_in ac_aggr;
                           ^
configure:15894: $? = 1
configure: failed program was:
| /* confdefs.h */
| #define PACKAGE_NAME "resiprocate"
| #define PACKAGE_TARNAME "resiprocate"
| #define PACKAGE_VERSION "1.10.0"
| #define PACKAGE_STRING "resiprocate 1.10.0"
| #define PACKAGE_BUGREPORT ""
| #define PACKAGE_URL ""
| #define PACKAGE "resiprocate"
| #define VERSION "1.10.0"
| #define STDC_HEADERS 1
| #define HAVE_SYS_TYPES_H 1
| #define HAVE_SYS_STAT_H 1
| #define HAVE_STDLIB_H 1
| #define HAVE_STRING_H 1
| #define HAVE_MEMORY_H 1
| #define HAVE_STRINGS_H 1
| #define HAVE_INTTYPES_H 1
| #define HAVE_STDINT_H 1
| #define HAVE_UNISTD_H 1
| #define HAVE_DLFCN_H 1
| #define LT_OBJDIR ".libs/"
| #define OS_MAJOR_VER 3
| #define OS_MINOR_VER 16
| #define OS_POINT_VER 0
| #define OS_PATCH_VER 0
| /* end confdefs.h.  */
| #include <arpa/inet.h>
| 
| int
| main ()
| {
| static struct sockaddr_in ac_aggr;
| if (ac_aggr.sin_len)
| return 0;
|   ;
|   return 0;
| }
configure:15894: gcc -c -g -O2 -fPIE -fstack-protector --param=ssp-buffer-size=4 -Wformat -Werror=format-security -Wall -Wno-deprecated -D_FORTIFY_SOURCE=2 -I/usr/include/telepathy-qt4 -I/usr/include/qt4 -I/usr/include/qt4/QtCore -I/usr/include/qt4/QtNetwork -I/usr/include/qt4/QtDBus -I/usr/include/postgresql -I/usr/include/sipxtapi -I/usr/include/gloox -D__pingtel_on_posix__ -D_linux_ -D_REENTRANT -D_FILE_OFFS -DDEFAULT_BRIDGE_MAX_IN_OUTPUTS=20 -D__STDC_LIMIT_MACROS -D__STDC_CONSTANT_MACROS -D__STDC_FORMAT_MACROS -DRESIP_OSTYPE_LINUX -DRESIP_ARCH_X86_64 -DRESIP_LARCH_ -D_REENTRANT -DRESIP_TOOLCHAIN_GNU conftest.c >&5
conftest.c: In function 'main':
conftest.c:33:19: error: 'struct sockaddr_in' has no member named 'sin_len'
 if (sizeof ac_aggr.sin_len)
                   ^
conftest.c:32:27: warning: variable 'ac_aggr' set but not used [-Wunused-but-set-variable]
 static struct sockaddr_in ac_aggr;
                           ^
configure:15894: $? = 1
configure: failed program was:
| /* confdefs.h */
| #define PACKAGE_NAME "resiprocate"
| #define PACKAGE_TARNAME "resiprocate"
| #define PACKAGE_VERSION "1.10.0"
| #define PACKAGE_STRING "resiprocate 1.10.0"
| #define PACKAGE_BUGREPORT ""
| #define PACKAGE_URL ""
| #define PACKAGE "resiprocate"
| #define VERSION "1.10.0"
| #define STDC_HEADERS 1
| #define HAVE_SYS_TYPES_H 1
| #define HAVE_SYS_STAT_H 1
| #define HAVE_STDLIB_H 1
| #define HAVE_STRING_H 1
| #define HAVE_MEMORY_H 1
| #define HAVE_STRINGS_H 1
| #define HAVE_INTTYPES_H 1
| #define HAVE_STDINT_H 1
| #define HAVE_UNISTD_H 1
| #define HAVE_DLFCN_H 1
| #define LT_OBJDIR ".libs/"
| #define OS_MAJOR_VER 3
| #define OS_MINOR_VER 16
| #define OS_POINT_VER 0
| #define OS_PATCH_VER 0
| /* end confdefs.h.  */
| #include <arpa/inet.h>
| 
| int
| main ()
| {
| static struct sockaddr_in ac_aggr;
| if (sizeof ac_aggr.sin_len)
| return 0;
|   ;
|   return 0;
| }
configure:15894: result: no
configure:15971: checking for library containing ares_init
configure:16002: gcc -o conftest -g -O2 -fPIE -fstack-protector --param=ssp-buffer-size=4 -Wformat -Werror=format-security -Wall -Wno-deprecated -D_FORTIFY_SOURCE=2 -I/usr/include/telepathy-qt4 -I/usr/include/qt4 -I/usr/include/qt4/QtCore -I/usr/include/qt4/QtNetwork -I/usr/include/qt4/QtDBus -I/usr/include/postgresql -I/usr/include/sipxtapi -I/usr/include/gloox -D__pingtel_on_posix__ -D_linux_ -D_REENTRANT -D_FILE_OFFS -DDEFAULT_BRIDGE_MAX_IN_OUTPUTS=20 -D__STDC_LIMIT_MACROS -D__STDC_CONSTANT_MACROS -D__STDC_FORMAT_MACROS -DRESIP_OSTYPE_LINUX -DRESIP_ARCH_X86_64 -DRESIP_LARCH_ -D_REENTRANT -DRESIP_TOOLCHAIN_GNU -fPIE -pie -Wl,-z,relro -Wl,-z,now -lcares conftest.c  >&5
configure:16002: $? = 0
configure:16019: result: none required
configure:16660: checking for pkg-config
configure:16678: found /usr/bin/pkg-config
configure:16690: result: /usr/bin/pkg-config
configure:16715: checking pkg-config is at least version 0.9.0
configure:16718: result: yes
configure:16744: checking for DEPS_PYTHON
configure:16829: result: yes
configure:16871: checking for library containing gethostbyname
configure:16902: gcc -o conftest -g -O2 -fPIE -fstack-protector --param=ssp-buffer-size=4 -Wformat -Werror=format-security -Wall -Wno-deprecated -D_FORTIFY_SOURCE=2 -I/usr/include/telepathy-qt4 -I/usr/include/qt4 -I/usr/include/qt4/QtCore -I/usr/include/qt4/QtNetwork -I/usr/include/qt4/QtDBus -I/usr/include/postgresql -I/usr/include/sipxtapi -I/usr/include/gloox -D__pingtel_on_posix__ -D_linux_ -D_REENTRANT -D_FILE_OFFS -DDEFAULT_BRIDGE_MAX_IN_OUTPUTS=20 -D__STDC_LIMIT_MACROS -D__STDC_CONSTANT_MACROS -D__STDC_FORMAT_MACROS -DRESIP_OSTYPE_LINUX -DRESIP_ARCH_X86_64 -DRESIP_LARCH_ -D_REENTRANT -DRESIP_TOOLCHAIN_GNU -fPIE -pie -Wl,-z,relro -Wl,-z,now -lcares conftest.c  >&5
configure:16902: $? = 0
configure:16919: result: none required
configure:16927: checking for library containing socket
configure:16958: gcc -o conftest -g -O2 -fPIE -fstack-protector --param=ssp-buffer-size=4 -Wformat -Werror=format-security -Wall -Wno-deprecated -D_FORTIFY_SOURCE=2 -I/usr/include/telepathy-qt4 -I/usr/include/qt4 -I/usr/include/qt4/QtCore -I/usr/include/qt4/QtNetwork -I/usr/include/qt4/QtDBus -I/usr/include/postgresql -I/usr/include/sipxtapi -I/usr/include/gloox -D__pingtel_on_posix__ -D_linux_ -D_REENTRANT -D_FILE_OFFS -DDEFAULT_BRIDGE_MAX_IN_OUTPUTS=20 -D__STDC_LIMIT_MACROS -D__STDC_CONSTANT_MACROS -D__STDC_FORMAT_MACROS -DRESIP_OSTYPE_LINUX -DRESIP_ARCH_X86_64 -DRESIP_LARCH_ -D_REENTRANT -DRESIP_TOOLCHAIN_GNU -fPIE -pie -Wl,-z,relro -Wl,-z,now -lcares conftest.c  >&5
configure:16958: $? = 0
configure:16975: result: none required
configure:16985: checking whether time.h and sys/time.h may both be included
configure:17005: gcc -c -g -O2 -fPIE -fstack-protector --param=ssp-buffer-size=4 -Wformat -Werror=format-security -Wall -Wno-deprecated -D_FORTIFY_SOURCE=2 -I/usr/include/telepathy-qt4 -I/usr/include/qt4 -I/usr/include/qt4/QtCore -I/usr/include/qt4/QtNetwork -I/usr/include/qt4/QtDBus -I/usr/include/postgresql -I/usr/include/sipxtapi -I/usr/include/gloox -D__pingtel_on_posix__ -D_linux_ -D_REENTRANT -D_FILE_OFFS -DDEFAULT_BRIDGE_MAX_IN_OUTPUTS=20 -D__STDC_LIMIT_MACROS -D__STDC_CONSTANT_MACROS -D__STDC_FORMAT_MACROS -DRESIP_OSTYPE_LINUX -DRESIP_ARCH_X86_64 -DRESIP_LARCH_ -D_REENTRANT -DRESIP_TOOLCHAIN_GNU conftest.c >&5
configure:17005: $? = 0
configure:17012: result: yes
configure:17024: checking for sys/types.h
configure:17024: result: yes
configure:17024: checking sys/time.h usability
configure:17024: gcc -c -g -O2 -fPIE -fstack-protector --param=ssp-buffer-size=4 -Wformat -Werror=format-security -Wall -Wno-deprecated -D_FORTIFY_SOURCE=2 -I/usr/include/telepathy-qt4 -I/usr/include/qt4 -I/usr/include/qt4/QtCore -I/usr/include/qt4/QtNetwork -I/usr/include/qt4/QtDBus -I/usr/include/postgresql -I/usr/include/sipxtapi -I/usr/include/gloox -D__pingtel_on_posix__ -D_linux_ -D_REENTRANT -D_FILE_OFFS -DDEFAULT_BRIDGE_MAX_IN_OUTPUTS=20 -D__STDC_LIMIT_MACROS -D__STDC_CONSTANT_MACROS -D__STDC_FORMAT_MACROS -DRESIP_OSTYPE_LINUX -DRESIP_ARCH_X86_64 -DRESIP_LARCH_ -D_REENTRANT -DRESIP_TOOLCHAIN_GNU conftest.c >&5
configure:17024: $? = 0
configure:17024: result: yes
configure:17024: checking sys/time.h presence
configure:17024: gcc -E -D_FORTIFY_SOURCE=2 -I/usr/include/telepathy-qt4 -I/usr/include/qt4 -I/usr/include/qt4/QtCore -I/usr/include/qt4/QtNetwork -I/usr/include/qt4/QtDBus -I/usr/include/postgresql -I/usr/include/sipxtapi -I/usr/include/gloox -D__pingtel_on_posix__ -D_linux_ -D_REENTRANT -D_FILE_OFFS -DDEFAULT_BRIDGE_MAX_IN_OUTPUTS=20 -D__STDC_LIMIT_MACROS -D__STDC_CONSTANT_MACROS -D__STDC_FORMAT_MACROS -DRESIP_OSTYPE_LINUX -DRESIP_ARCH_X86_64 -DRESIP_LARCH_ -D_REENTRANT -DRESIP_TOOLCHAIN_GNU conftest.c
configure:17024: $? = 0
configure:17024: result: yes
configure:17024: checking for sys/time.h
configure:17024: result: yes
configure:17024: checking time.h usability
configure:17024: gcc -c -g -O2 -fPIE -fstack-protector --param=ssp-buffer-size=4 -Wformat -Werror=format-security -Wall -Wno-deprecated -D_FORTIFY_SOURCE=2 -I/usr/include/telepathy-qt4 -I/usr/include/qt4 -I/usr/include/qt4/QtCore -I/usr/include/qt4/QtNetwork -I/usr/include/qt4/QtDBus -I/usr/include/postgresql -I/usr/include/sipxtapi -I/usr/include/gloox -D__pingtel_on_posix__ -D_linux_ -D_REENTRANT -D_FILE_OFFS -DDEFAULT_BRIDGE_MAX_IN_OUTPUTS=20 -D__STDC_LIMIT_MACROS -D__STDC_CONSTANT_MACROS -D__STDC_FORMAT_MACROS -DRESIP_OSTYPE_LINUX -DRESIP_ARCH_X86_64 -DRESIP_LARCH_ -D_REENTRANT -DRESIP_TOOLCHAIN_GNU conftest.c >&5
configure:17024: $? = 0
configure:17024: result: yes
configure:17024: checking time.h presence
configure:17024: gcc -E -D_FORTIFY_SOURCE=2 -I/usr/include/telepathy-qt4 -I/usr/include/qt4 -I/usr/include/qt4/QtCore -I/usr/include/qt4/QtNetwork -I/usr/include/qt4/QtDBus -I/usr/include/postgresql -I/usr/include/sipxtapi -I/usr/include/gloox -D__pingtel_on_posix__ -D_linux_ -D_REENTRANT -D_FILE_OFFS -DDEFAULT_BRIDGE_MAX_IN_OUTPUTS=20 -D__STDC_LIMIT_MACROS -D__STDC_CONSTANT_MACROS -D__STDC_FORMAT_MACROS -DRESIP_OSTYPE_LINUX -DRESIP_ARCH_X86_64 -DRESIP_LARCH_ -D_REENTRANT -DRESIP_TOOLCHAIN_GNU conftest.c
configure:17024: $? = 0
configure:17024: result: yes
configure:17024: checking for time.h
configure:17024: result: yes
configure:17034: checking for monotonic clock_gettime
configure:17066: gcc -c -g -O2 -fPIE -fstack-protector --param=ssp-buffer-size=4 -Wformat -Werror=format-security -Wall -Wno-deprecated -D_FORTIFY_SOURCE=2 -I/usr/include/telepathy-qt4 -I/usr/include/qt4 -I/usr/include/qt4/QtCore -I/usr/include/qt4/QtNetwork -I/usr/include/qt4/QtDBus -I/usr/include/postgresql -I/usr/include/sipxtapi -I/usr/include/gloox -D__pingtel_on_posix__ -D_linux_ -D_REENTRANT -D_FILE_OFFS -DDEFAULT_BRIDGE_MAX_IN_OUTPUTS=20 -D__STDC_LIMIT_MACROS -D__STDC_CONSTANT_MACROS -D__STDC_FORMAT_MACROS -DRESIP_OSTYPE_LINUX -DRESIP_ARCH_X86_64 -DRESIP_LARCH_ -D_REENTRANT -DRESIP_TOOLCHAIN_GNU conftest.c >&5
configure:17066: $? = 0
configure:17068: result: yes
configure:17085: checking for clock_gettime in libraries
configure:17128: gcc -o conftest -g -O2 -fPIE -fstack-protector --param=ssp-buffer-size=4 -Wformat -Werror=format-security -Wall -Wno-deprecated -D_FORTIFY_SOURCE=2 -I/usr/include/telepathy-qt4 -I/usr/include/qt4 -I/usr/include/qt4/QtCore -I/usr/include/qt4/QtNetwork -I/usr/include/qt4/QtDBus -I/usr/include/postgresql -I/usr/include/sipxtapi -I/usr/include/gloox -D__pingtel_on_posix__ -D_linux_ -D_REENTRANT -D_FILE_OFFS -DDEFAULT_BRIDGE_MAX_IN_OUTPUTS=20 -D__STDC_LIMIT_MACROS -D__STDC_CONSTANT_MACROS -D__STDC_FORMAT_MACROS -DRESIP_OSTYPE_LINUX -DRESIP_ARCH_X86_64 -DRESIP_LARCH_ -D_REENTRANT -DRESIP_TOOLCHAIN_GNU -fPIE -pie -Wl,-z,relro -Wl,-z,now -lcares conftest.c  >&5
configure:17128: $? = 0
configure:17149: result: no additional lib required
configure:17167: checking if monotonic clock_gettime works
configure:17211: gcc -o conftest -g -O2 -fPIE -fstack-protector --param=ssp-buffer-size=4 -Wformat -Werror=format-security -Wall -Wno-deprecated -D_FORTIFY_SOURCE=2 -I/usr/include/telepathy-qt4 -I/usr/include/qt4 -I/usr/include/qt4/QtCore -I/usr/include/qt4/QtNetwork -I/usr/include/qt4/QtDBus -I/usr/include/postgresql -I/usr/include/sipxtapi -I/usr/include/gloox -D__pingtel_on_posix__ -D_linux_ -D_REENTRANT -D_FILE_OFFS -DDEFAULT_BRIDGE_MAX_IN_OUTPUTS=20 -D__STDC_LIMIT_MACROS -D__STDC_CONSTANT_MACROS -D__STDC_FORMAT_MACROS -DRESIP_OSTYPE_LINUX -DRESIP_ARCH_X86_64 -DRESIP_LARCH_ -D_REENTRANT -DRESIP_TOOLCHAIN_GNU -fPIE -pie -Wl,-z,relro -Wl,-z,now -lcares conftest.c  >&5
configure:17211: $? = 0
configure:17211: ./conftest
configure:17211: $? = 0
configure:17213: result: yes
configure:17247: checking linux/version.h usability
configure:17247: gcc -c -g -O2 -fPIE -fstack-protector --param=ssp-buffer-size=4 -Wformat -Werror=format-security -Wall -Wno-deprecated -D_FORTIFY_SOURCE=2 -I/usr/include/telepathy-qt4 -I/usr/include/qt4 -I/usr/include/qt4/QtCore -I/usr/include/qt4/QtNetwork -I/usr/include/qt4/QtDBus -I/usr/include/postgresql -I/usr/include/sipxtapi -I/usr/include/gloox -D__pingtel_on_posix__ -D_linux_ -D_REENTRANT -D_FILE_OFFS -DDEFAULT_BRIDGE_MAX_IN_OUTPUTS=20 -D__STDC_LIMIT_MACROS -D__STDC_CONSTANT_MACROS -D__STDC_FORMAT_MACROS -DRESIP_OSTYPE_LINUX -DRESIP_ARCH_X86_64 -DRESIP_LARCH_ -D_REENTRANT -DRESIP_TOOLCHAIN_GNU conftest.c >&5
configure:17247: $? = 0
configure:17247: result: yes
configure:17247: checking linux/version.h presence
configure:17247: gcc -E -D_FORTIFY_SOURCE=2 -I/usr/include/telepathy-qt4 -I/usr/include/qt4 -I/usr/include/qt4/QtCore -I/usr/include/qt4/QtNetwork -I/usr/include/qt4/QtDBus -I/usr/include/postgresql -I/usr/include/sipxtapi -I/usr/include/gloox -D__pingtel_on_posix__ -D_linux_ -D_REENTRANT -D_FILE_OFFS -DDEFAULT_BRIDGE_MAX_IN_OUTPUTS=20 -D__STDC_LIMIT_MACROS -D__STDC_CONSTANT_MACROS -D__STDC_FORMAT_MACROS -DRESIP_OSTYPE_LINUX -DRESIP_ARCH_X86_64 -DRESIP_LARCH_ -D_REENTRANT -DRESIP_TOOLCHAIN_GNU conftest.c
configure:17247: $? = 0
configure:17247: result: yes
configure:17247: checking for linux/version.h
configure:17247: result: yes
configure:17253: checking for Linux epoll(7) interface
configure:17279: gcc -o conftest -g -O2 -fPIE -fstack-protector --param=ssp-buffer-size=4 -Wformat -Werror=format-security -Wall -Wno-deprecated -D_FORTIFY_SOURCE=2 -I/usr/include/telepathy-qt4 -I/usr/include/qt4 -I/usr/include/qt4/QtCore -I/usr/include/qt4/QtNetwork -I/usr/include/qt4/QtDBus -I/usr/include/postgresql -I/usr/include/sipxtapi -I/usr/include/gloox -D__pingtel_on_posix__ -D_linux_ -D_REENTRANT -D_FILE_OFFS -DDEFAULT_BRIDGE_MAX_IN_OUTPUTS=20 -D__STDC_LIMIT_MACROS -D__STDC_CONSTANT_MACROS -D__STDC_FORMAT_MACROS -DRESIP_OSTYPE_LINUX -DRESIP_ARCH_X86_64 -DRESIP_LARCH_ -D_REENTRANT -DRESIP_TOOLCHAIN_GNU -DHAVE_LINUX_VERSION_H -fPIE -pie -Wl,-z,relro -Wl,-z,now -lcares conftest.c  >&5
conftest.c: In function 'main':
conftest.c:64:9: warning: variable 'rc' set but not used [-Wunused-but-set-variable]
 int fd, rc;
         ^
configure:17279: $? = 0
configure:17290: result: yes
configure:17305: checking whether to enable maintainer-specific portions of Makefiles
configure:17314: result: no
configure:17438: checking that generated files are newer than configure
configure:17444: result: done
configure:17636: creating ./config.status

## ---------------------- ##
## Running config.status. ##
## ---------------------- ##

This file was extended by resiprocate config.status 1.10.0, which was
generated by GNU Autoconf 2.69.  Invocation command line was

  CONFIG_FILES    = 
  CONFIG_HEADERS  = 
  CONFIG_LINKS    = 
  CONFIG_COMMANDS = 
  $ ./config.status 

on localhost

config.status:1279: creating Makefile
config.status:1279: creating rutil/dns/ares/Makefile
config.status:1279: creating rutil/Makefile
config.status:1279: creating rutil/test/Makefile
config.status:1279: creating resip/Makefile
config.status:1279: creating resip/stack/Makefile
config.status:1279: creating resip/stack/test/Makefile
config.status:1279: creating resip/dum/Makefile
config.status:1279: creating resip/dum/test/Makefile
config.status:1279: creating resip/certs/Makefile
config.status:1279: creating resip/rend/Makefile
config.status:1279: creating repro/Makefile
config.status:1279: creating repro/accountingconsumers/Makefile
config.status:1279: creating repro/reprocmd/Makefile
config.status:1279: creating repro/test/Makefile
config.status:1279: creating repro/plugins/Makefile
config.status:1279: creating repro/plugins/example/Makefile
config.status:1279: creating repro/plugins/pyroute/Makefile
config.status:1279: creating tfm/Makefile
config.status:1279: creating tfm/repro/Makefile
config.status:1279: creating tfm/tfdum/Makefile
config.status:1279: creating apps/Makefile
config.status:1279: creating apps/clicktocall/Makefile
config.status:1279: creating apps/clicktocall/test/Makefile
config.status:1279: creating apps/ichat-gw/Makefile
config.status:1279: creating apps/ichat-gw/jabberconnector/Makefile
config.status:1279: creating apps/sipdial/Makefile
config.status:1279: creating apps/telepathy/Makefile
config.status:1279: creating resiprocate.spec
config.status:1279: creating reTurn/Makefile
config.status:1279: creating reTurn/test/Makefile
config.status:1279: creating reTurn/client/Makefile
config.status:1279: creating reTurn/client/test/Makefile
config.status:1279: creating reflow/Makefile
config.status:1279: creating resip/recon/Makefile
config.status:1279: creating resip/recon/MOHParkServer/Makefile
config.status:1279: creating resip/recon/test/Makefile
config.status:1279: creating p2p/s2c/s2c/Makefile
config.status:1279: creating p2p/Makefile
config.status:1279: creating config.h
config.status:1460: config.h is unchanged
config.status:1508: executing depfiles commands
config.status:1508: executing libtool commands

## ---------------- ##
## Cache variables. ##
## ---------------- ##

ac_cv_build=x86_64-unknown-linux-gnu
ac_cv_c_bigendian=no
ac_cv_c_compiler_gnu=yes
ac_cv_cxx_compiler_gnu=yes
ac_cv_env_CCC_set=
ac_cv_env_CCC_value=
ac_cv_env_CC_set=
ac_cv_env_CC_value=
ac_cv_env_CFLAGS_set=set
ac_cv_env_CFLAGS_value='-g -O2 -fPIE -fstack-protector --param=ssp-buffer-size=4 -Wformat -Werror=format-security'
ac_cv_env_CPPFLAGS_set=set
ac_cv_env_CPPFLAGS_value='-D_FORTIFY_SOURCE=2 -I/usr/include/telepathy-qt4 -I/usr/include/qt4 -I/usr/include/qt4/QtCore -I/usr/include/qt4/QtNetwork -I/usr/include/qt4/QtDBus -I/usr/include/postgresql -I/usr/include/sipxtapi -I/usr/include/gloox -D__pingtel_on_posix__ -D_linux_ -D_REENTRANT -D_FILE_OFFS -DDEFAULT_BRIDGE_MAX_IN_OUTPUTS=20 -D__STDC_LIMIT_MACROS -D__STDC_CONSTANT_MACROS -D__STDC_FORMAT_MACROS'
ac_cv_env_CPP_set=
ac_cv_env_CPP_value=
ac_cv_env_CXXCPP_set=
ac_cv_env_CXXCPP_value=
ac_cv_env_CXXFLAGS_set=set
ac_cv_env_CXXFLAGS_value='-g -O2 -fPIE -fstack-protector --param=ssp-buffer-size=4 -Wformat -Werror=format-security -fpermissive'
ac_cv_env_CXX_set=
ac_cv_env_CXX_value=
ac_cv_env_DEPS_PYTHON_CFLAGS_set=set
ac_cv_env_DEPS_PYTHON_CFLAGS_value='-I/usr/include/python2.7 -I/usr/include/x86_64-linux-gnu/python2.7  -fno-strict-aliasing -D_FORTIFY_SOURCE=2 -g -fstack-protector-strong -Wformat -Werror=format-security  -DNDEBUG -g -fwrapv -O2 -Wall -Wstrict-prototypes'
ac_cv_env_DEPS_PYTHON_LIBS_set=set
ac_cv_env_DEPS_PYTHON_LIBS_value='-L/usr/lib/python2.7/config-x86_64-linux-gnu -L/usr/lib -lpython2.7 -lpthread -ldl  -lutil -lm  -Xlinker -export-dynamic -Wl,-O1 -Wl,-Bsymbolic-functions'
ac_cv_env_LDFLAGS_set=set
ac_cv_env_LDFLAGS_value='-fPIE -pie -Wl,-z,relro -Wl,-z,now -lcares'
ac_cv_env_LIBS_set=
ac_cv_env_LIBS_value=
ac_cv_env_PKG_CONFIG_LIBDIR_set=
ac_cv_env_PKG_CONFIG_LIBDIR_value=
ac_cv_env_PKG_CONFIG_PATH_set=
ac_cv_env_PKG_CONFIG_PATH_value=
ac_cv_env_PKG_CONFIG_set=
ac_cv_env_PKG_CONFIG_value=
ac_cv_env_build_alias_set=
ac_cv_env_build_alias_value=
ac_cv_env_host_alias_set=
ac_cv_env_host_alias_value=
ac_cv_env_target_alias_set=
ac_cv_env_target_alias_value=
ac_cv_func_clock_gettime=yes
ac_cv_header_dlfcn_h=yes
ac_cv_header_inttypes_h=yes
ac_cv_header_linux_version_h=yes
ac_cv_header_memory_h=yes
ac_cv_header_stdc=yes
ac_cv_header_stdint_h=yes
ac_cv_header_stdlib_h=yes
ac_cv_header_string_h=yes
ac_cv_header_strings_h=yes
ac_cv_header_sys_stat_h=yes
ac_cv_header_sys_time_h=yes
ac_cv_header_sys_types_h=yes
ac_cv_header_time=yes
ac_cv_header_time_h=yes
ac_cv_header_unistd_h=yes
ac_cv_host=x86_64-unknown-linux-gnu
ac_cv_member_struct_sockaddr_in_sin_len=no
ac_cv_objext=o
ac_cv_path_EGREP='/bin/grep -E'
ac_cv_path_FGREP='/bin/grep -F'
ac_cv_path_GREP=/bin/grep
ac_cv_path_SED=/bin/sed
ac_cv_path_ac_pt_PKG_CONFIG=/usr/bin/pkg-config
ac_cv_path_install='/usr/bin/install -c'
ac_cv_path_mkdir=/bin/mkdir
ac_cv_prog_AWK=gawk
ac_cv_prog_CPP='gcc -E'
ac_cv_prog_CXXCPP='g++ -E'
ac_cv_prog_ac_ct_AR=ar
ac_cv_prog_ac_ct_CC=gcc
ac_cv_prog_ac_ct_CXX=g++
ac_cv_prog_ac_ct_MANIFEST_TOOL=mt
ac_cv_prog_ac_ct_OBJDUMP=objdump
ac_cv_prog_ac_ct_RANLIB=ranlib
ac_cv_prog_ac_ct_STRIP=strip
ac_cv_prog_cc_c89=
ac_cv_prog_cc_g=yes
ac_cv_prog_cxx_g=yes
ac_cv_prog_make_make_set=yes
ac_cv_search_ares_init='none required'
ac_cv_search_gethostbyname='none required'
ac_cv_search_socket='none required'
am_cv_CC_dependencies_compiler_type=none
am_cv_CXX_dependencies_compiler_type=none
am_cv_make_support_nested_variables=yes
am_cv_prog_cc_c_o=yes
ax_cv_have_epoll=yes
curl_cv_gclk_LIBS=
curl_cv_save_LIBS=
lt_cv_ar_at_file=@
lt_cv_archive_cmds_need_lc=no
lt_cv_deplibs_check_method=pass_all
lt_cv_file_magic_cmd='$MAGIC_CMD'
lt_cv_file_magic_test_file=
lt_cv_ld_reload_flag=-r
lt_cv_nm_interface='BSD nm'
lt_cv_objdir=.libs
lt_cv_path_LD=/usr/bin/ld
lt_cv_path_LDCXX='/usr/bin/ld -m elf_x86_64'
lt_cv_path_NM='/usr/bin/nm -B'
lt_cv_path_mainfest_tool=no
lt_cv_prog_compiler_c_o=yes
lt_cv_prog_compiler_c_o_CXX=yes
lt_cv_prog_compiler_pic='-fPIC -DPIC'
lt_cv_prog_compiler_pic_CXX='-fPIC -DPIC'
lt_cv_prog_compiler_pic_works=yes
lt_cv_prog_compiler_pic_works_CXX=yes
lt_cv_prog_compiler_rtti_exceptions=no
lt_cv_prog_compiler_static_works=no
lt_cv_prog_compiler_static_works_CXX=no
lt_cv_prog_gnu_ld=yes
lt_cv_prog_gnu_ldcxx=yes
lt_cv_sharedlib_from_linklib_cmd='printf %s\n'
lt_cv_shlibpath_overrides_runpath=no
lt_cv_sys_global_symbol_pipe='sed -n -e '\''s/^.*[	 ]\([ABCDGIRSTW][ABCDGIRSTW]*\)[	 ][	 ]*\([_A-Za-z][_A-Za-z0-9]*\)$/\1 \2 \2/p'\'' | sed '\''/ __gnu_lto/d'\'''
lt_cv_sys_global_symbol_to_c_name_address='sed -n -e '\''s/^: \([^ ]*\)[ ]*$/  {\"\1\", (void *) 0},/p'\'' -e '\''s/^[ABCDGIRSTW]* \([^ ]*\) \([^ ]*\)$/  {"\2", (void *) \&\2},/p'\'''
lt_cv_sys_global_symbol_to_c_name_address_lib_prefix='sed -n -e '\''s/^: \([^ ]*\)[ ]*$/  {\"\1\", (void *) 0},/p'\'' -e '\''s/^[ABCDGIRSTW]* \([^ ]*\) \(lib[^ ]*\)$/  {"\2", (void *) \&\2},/p'\'' -e '\''s/^[ABCDGIRSTW]* \([^ ]*\) \([^ ]*\)$/  {"lib\2", (void *) \&\2},/p'\'''
lt_cv_sys_global_symbol_to_cdecl='sed -n -e '\''s/^T .* \(.*\)$/extern int \1();/p'\'' -e '\''s/^[ABCDGIRSTW]* .* \(.*\)$/extern char \1;/p'\'''
lt_cv_sys_max_cmd_len=1572864
lt_cv_to_host_file_cmd=func_convert_file_noop
lt_cv_to_tool_file_cmd=func_convert_file_noop
pkg_cv_DEPS_PYTHON_CFLAGS='-I/usr/include/python2.7 -I/usr/include/x86_64-linux-gnu/python2.7  -fno-strict-aliasing -D_FORTIFY_SOURCE=2 -g -fstack-protector-strong -Wformat -Werror=format-security  -DNDEBUG -g -fwrapv -O2 -Wall -Wstrict-prototypes'
pkg_cv_DEPS_PYTHON_LIBS='-L/usr/lib/python2.7/config-x86_64-linux-gnu -L/usr/lib -lpython2.7 -lpthread -ldl  -lutil -lm  -Xlinker -export-dynamic -Wl,-O1 -Wl,-Bsymbolic-functions'

## ----------------- ##
## Output variables. ##
## ----------------- ##

ACLOCAL='${SHELL} /home/balram/projects/finalResip/resiprocate/build-aux/missing aclocal-1.14'
AMDEPBACKSLASH=''
AMDEP_FALSE=''
AMDEP_TRUE='#'
AMTAR='$${TAR-tar}'
AM_BACKSLASH='\'
AM_DEFAULT_V='$(AM_DEFAULT_VERBOSITY)'
AM_DEFAULT_VERBOSITY='1'
AM_V='$(V)'
AR='ar'
AUTOCONF='${SHELL} /home/balram/projects/finalResip/resiprocate/build-aux/missing autoconf'
AUTOHEADER='${SHELL} /home/balram/projects/finalResip/resiprocate/build-aux/missing autoheader'
AUTOMAKE='${SHELL} /home/balram/projects/finalResip/resiprocate/build-aux/missing automake-1.14'
AWK='gawk'
BUILD_APPS_FALSE='#'
BUILD_APPS_TRUE=''
BUILD_ICHAT_GW_FALSE='#'
BUILD_ICHAT_GW_TRUE=''
BUILD_P2P_FALSE=''
BUILD_P2P_TRUE='#'
BUILD_PYTHON_FALSE='#'
BUILD_PYTHON_TRUE=''
BUILD_RECON_FALSE='#'
BUILD_RECON_TRUE=''
BUILD_REND_FALSE=''
BUILD_REND_TRUE='#'
BUILD_REPRO_DSO_PLUGINS_FALSE='#'
BUILD_REPRO_DSO_PLUGINS_TRUE=''
BUILD_REPRO_FALSE='#'
BUILD_REPRO_TRUE=''
BUILD_TELEPATHY_CM_FALSE=''
BUILD_TELEPATHY_CM_TRUE='#'
BUILD_TFM_FALSE=''
BUILD_TFM_TRUE='#'
CC='gcc'
CCDEPMODE='depmode=none'
CFLAGS='-g -O2 -fPIE -fstack-protector --param=ssp-buffer-size=4 -Wformat -Werror=format-security -Wall -Wno-deprecated'
CPP='gcc -E'
CPPFLAGS='-D_FORTIFY_SOURCE=2 -I/usr/include/telepathy-qt4 -I/usr/include/qt4 -I/usr/include/qt4/QtCore -I/usr/include/qt4/QtNetwork -I/usr/include/qt4/QtDBus -I/usr/include/postgresql -I/usr/include/sipxtapi -I/usr/include/gloox -D__pingtel_on_posix__ -D_linux_ -D_REENTRANT -D_FILE_OFFS -DDEFAULT_BRIDGE_MAX_IN_OUTPUTS=20 -D__STDC_LIMIT_MACROS -D__STDC_CONSTANT_MACROS -D__STDC_FORMAT_MACROS -DRESIP_OSTYPE_LINUX -DRESIP_ARCH_X86_64 -DRESIP_LARCH_ -D_REENTRANT -DRESIP_TOOLCHAIN_GNU'
CXX='g++'
CXXCPP='g++ -E'
CXXDEPMODE='depmode=none'
CXXFLAGS='-g -O2 -fPIE -fstack-protector --param=ssp-buffer-size=4 -Wformat -Werror=format-security -fpermissive -Wall -Wno-deprecated'
CYGPATH_W='echo'
DEFS='-DHAVE_CONFIG_H'
DEPDIR='.deps'
DEPS_PYTHON_CFLAGS='-I/usr/include/python2.7 -I/usr/include/x86_64-linux-gnu/python2.7  -fno-strict-aliasing -D_FORTIFY_SOURCE=2 -g -fstack-protector-strong -Wformat -Werror=format-security  -DNDEBUG -g -fwrapv -O2 -Wall -Wstrict-prototypes'
DEPS_PYTHON_LIBS='-L/usr/lib/python2.7/config-x86_64-linux-gnu -L/usr/lib -lpython2.7 -lpthread -ldl  -lutil -lm  -Xlinker -export-dynamic -Wl,-O1 -Wl,-Bsymbolic-functions'
DLLTOOL='false'
DSYMUTIL=''
DUMPBIN=''
ECHO_C=''
ECHO_N='-n'
ECHO_T=''
EGREP='/bin/grep -E'
EXEEXT=''
FGREP='/bin/grep -F'
GPERF='${SHELL} /home/balram/projects/finalResip/resiprocate/build-aux/missing gperf'
GREP='/bin/grep'
INSTALL_DATA='${INSTALL} -m 644'
INSTALL_PROGRAM='${INSTALL}'
INSTALL_SCRIPT='${INSTALL}'
INSTALL_STRIP_PROGRAM='$(install_sh) -c -s'
LD='/usr/bin/ld -m elf_x86_64'
LDFLAGS='-fPIE -pie -Wl,-z,relro -Wl,-z,now -lcares'
LIBARES_LIBADD='-lcares'
LIBGEOIP_LIBADD=''
LIBLOG_LIBADD=''
LIBMYSQL_LIBADD='-lmysqlclient_r'
LIBOBJS=''
LIBPOPT_LIBADD='-lpopt'
LIBPOSTGRESQL_LIBADD='-lpq'
LIBPTHREAD_LIBADD='-lpthread'
LIBRADIUS_LIBADD='-lradcli'
LIBS=''
LIBSSL_LIBADD='-lssl -lcrypto'
LIBSTL_LIBADD=''
LIBTOOL='$(SHELL) $(top_builddir)/libtool'
LIBTOOL_VERSION_RELEASE='-release 1.10'
LIPO=''
LN_S='ln -s'
LTLIBOBJS=''
MAINT='#'
MAINTAINER_MODE_FALSE=''
MAINTAINER_MODE_TRUE='#'
MAKEINFO='${SHELL} /home/balram/projects/finalResip/resiprocate/build-aux/missing makeinfo'
MANIFEST_TOOL=':'
MKDIR_P='/bin/mkdir -p'
NM='/usr/bin/nm -B'
NMEDIT=''
OBJDUMP='objdump'
OBJEXT='o'
OTOOL64=''
OTOOL=''
PACKAGE='resiprocate'
PACKAGE_BUGREPORT=''
PACKAGE_NAME='resiprocate'
PACKAGE_STRING='resiprocate 1.10.0'
PACKAGE_TARNAME='resiprocate'
PACKAGE_URL=''
PACKAGE_VERSION='1.10.0'
PATH_SEPARATOR=':'
PKG_CONFIG='/usr/bin/pkg-config'
PKG_CONFIG_LIBDIR=''
PKG_CONFIG_PATH=''
PYCXX_SRCDIR='/usr/share/python2.7/CXX/Python2'
RANLIB='ranlib'
RESIP_ASSERT_SYSLOG_FALSE='#'
RESIP_ASSERT_SYSLOG_TRUE=''
SED='/bin/sed'
SET_MAKE=''
SHELL='/bin/bash'
SO_RELEASE='1.10'
STRIP='strip'
USE_ARES_FALSE=''
USE_ARES_TRUE='#'
USE_CARES_FALSE='#'
USE_CARES_TRUE=''
USE_MAXMIND_GEOIP_FALSE=''
USE_MAXMIND_GEOIP_TRUE='#'
USE_MYSQL_FALSE='#'
USE_MYSQL_TRUE=''
USE_POPT_FALSE='#'
USE_POPT_TRUE=''
USE_POSTGRESQL_FALSE='#'
USE_POSTGRESQL_TRUE=''
USE_RADIUS_CLIENT_FALSE='#'
USE_RADIUS_CLIENT_TRUE=''
USE_SSL_FALSE='#'
USE_SSL_TRUE=''
VERSION='1.10.0'
ac_ct_AR='ar'
ac_ct_CC='gcc'
ac_ct_CXX='g++'
ac_ct_DUMPBIN=''
am__EXEEXT_FALSE=''
am__EXEEXT_TRUE='#'
am__fastdepCC_FALSE=''
am__fastdepCC_TRUE='#'
am__fastdepCXX_FALSE=''
am__fastdepCXX_TRUE='#'
am__include='include'
am__isrc=''
am__leading_dot='.'
am__nodep=''
am__quote=''
am__tar='$${TAR-tar} chof - "$$tardir"'
am__untar='$${TAR-tar} xf -'
bindir='${exec_prefix}/bin'
build='x86_64-unknown-linux-gnu'
build_alias=''
build_cpu='x86_64'
build_os='linux-gnu'
build_vendor='unknown'
datadir='${datarootdir}'
datarootdir='${prefix}/share'
docdir='${datarootdir}/doc/${PACKAGE_TARNAME}'
dvidir='${docdir}'
exec_prefix='${prefix}'
host='x86_64-unknown-linux-gnu'
host_alias=''
host_cpu='x86_64'
host_os='linux-gnu'
host_vendor='unknown'
htmldir='${docdir}'
includedir='${prefix}/include'
infodir='${datarootdir}/info'
install_sh='${SHELL} /home/balram/projects/finalResip/resiprocate/build-aux/install-sh'
libdir='${exec_prefix}/lib'
libexecdir='${exec_prefix}/libexec'
localedir='${datarootdir}/locale'
localstatedir='${prefix}/var'
mandir='${datarootdir}/man'
mkdir_p='$(MKDIR_P)'
oldincludedir='/usr/include'
pdfdir='${docdir}'
prefix='/usr/local'
program_transform_name='s,x,x,'
psdir='${docdir}'
reproplugindir='${pkglibdir}/repro/plugins'
returnpkglibdir='${pkglibdir}/reTurnServer'
sbindir='${exec_prefix}/sbin'
sharedstatedir='${prefix}/com'
sysconfdir='${prefix}/etc'
target_alias=''

## ----------- ##
## confdefs.h. ##
## ----------- ##

/* confdefs.h */
#define PACKAGE_NAME "resiprocate"
#define PACKAGE_TARNAME "resiprocate"
#define PACKAGE_VERSION "1.10.0"
#define PACKAGE_STRING "resiprocate 1.10.0"
#define PACKAGE_BUGREPORT ""
#define PACKAGE_URL ""
#define PACKAGE "resiprocate"
#define VERSION "1.10.0"
#define STDC_HEADERS 1
#define HAVE_SYS_TYPES_H 1
#define HAVE_SYS_STAT_H 1
#define HAVE_STDLIB_H 1
#define HAVE_STRING_H 1
#define HAVE_MEMORY_H 1
#define HAVE_STRINGS_H 1
#define HAVE_INTTYPES_H 1
#define HAVE_STDINT_H 1
#define HAVE_UNISTD_H 1
#define HAVE_DLFCN_H 1
#define LT_OBJDIR ".libs/"
#define OS_MAJOR_VER 3
#define OS_MINOR_VER 16
#define OS_POINT_VER 0
#define OS_PATCH_VER 0
#define REPRO_BUILD_REV PACKAGE_VERSION
#define REPRO_BUILD_HOST "localhost"
#define REPRO_RELEASE_VERSION PACKAGE_VERSION
#define DB_HEADER "db_cxx.h"
#define RESIP_SIP_MSG_MAX_BYTES 10485760
#define USE_CARES /**/
#define USE_SSL /**/
#define HAVE_POPT_H /**/
#define USE_IPV6 /**/
#define USE_DTLS 1
#define USE_MYSQL /**/
#define USE_POSTGRESQL /**/
#define USE_RADIUS_CLIENT /**/
#define RESIP_HAVE_RADCLI /**/
#define BUILD_REPRO /**/
#define REPRO_DSO_PLUGINS /**/
#define BUILD_APPS /**/
#define BUILD_ICHAT_GW /**/
#define BUILD_RECON /**/
#define BUILD_PYTHON /**/
#define RESIP_ASSERT_SYSLOG /**/
#define TIME_WITH_SYS_TIME 1
#define HAVE_SYS_TYPES_H 1
#define HAVE_SYS_TIME_H 1
#define HAVE_TIME_H 1
#define HAVE_CLOCK_GETTIME_MONOTONIC 1
#define HAVE_EPOLL /**/

configure: exit 0
