A D/aes////
A D/asn1////
A D/bf////
A D/bio////
A D/bn////
A D/buffer////
A D/cast////
A D/comp////
A D/conf////
A D/des////
A D/dh////
A D/dsa////
A D/dso////
A D/ec////
A D/engine////
A D/err////
A D/evp////
A D/hmac////
A D/idea////
A D/krb5////
A D/lhash////
A D/md2////
A D/md4////
A D/md5////
A D/mdc2////
A D/objects////
A D/ocsp////
A D/pem////
A D/perlasm////
A D/pkcs12////
A D/pkcs7////
A D/pqueue////
A D/rand////
A D/rc2////
A D/rc4////
A D/rc5////
A D/ripemd////
A D/rsa////
A D/sha////
A D/stack////
A D/threads////
A D/txt_db////
A D/ui////
A D/x509////
A D/x509v3////
