This file contains any messages produced by compilers while
running configure, to aid debugging if configure makes a mistake.

It was created by resiprocate configure 1.13.0~alpha1, which was
generated by GNU Autoconf 2.69.  Invocation command line was

  $ /home/hbr/temprepos/app.thirdpartybuild/ssky_reconserver/resiprocate/configure 

## --------- ##
## Platform. ##
## --------- ##

hostname = fedora
uname -m = x86_64
uname -r = 5.17.5-200.fc35.x86_64
uname -s = Linux
uname -v = #1 SMP PREEMPT Thu Apr 28 15:41:41 UTC 2022

/usr/bin/uname -p = x86_64
/bin/uname -X     = unknown

/bin/arch              = x86_64
/usr/bin/arch -k       = unknown
/usr/convex/getsysinfo = unknown
/usr/bin/hostinfo      = unknown
/bin/machine           = unknown
/usr/bin/oslevel       = unknown
/bin/universe          = unknown

PATH: /home/hbr/.local/bin
PATH: /home/hbr/bin
PATH: /usr/local/bin
PATH: /usr/local/sbin
PATH: /usr/bin
PATH: /usr/sbin
PATH: /var/lib/snapd/snap/bin
PATH: /home/hbr/.dotnet/tools


## ----------- ##
## Core tests. ##
## ----------- ##

configure:2676: checking for a BSD-compatible install
configure:2744: result: /usr/bin/install -c
configure:2755: checking whether build environment is sane
configure:2810: result: yes
configure:2961: checking for a thread-safe mkdir -p
configure:3000: result: /usr/bin/mkdir -p
configure:3007: checking for gawk
configure:3023: found /usr/bin/gawk
configure:3034: result: gawk
configure:3045: checking whether make sets $(MAKE)
configure:3067: result: yes
configure:3096: checking whether make supports nested variables
configure:3113: result: yes
configure:3192: checking how to create a pax tar archive
configure:3203: tar --version
tar (GNU tar) 1.34
Copyright (C) 2021 Free Software Foundation, Inc.
License GPLv3+: GNU GPL version 3 or later <https://gnu.org/licenses/gpl.html>.
This is free software: you are free to change and redistribute it.
There is NO WARRANTY, to the extent permitted by law.

Written by John Gilmore and Jay Fenlason.
configure:3206: $? = 0
configure:3246: tardir=conftest.dir && eval tar --format=posix -chf - "$tardir" >conftest.tar
configure:3249: $? = 0
configure:3253: tar -xf - <conftest.tar
configure:3256: $? = 0
configure:3258: cat conftest.dir/file
GrepMe
configure:3261: $? = 0
configure:3274: result: gnutar
configure:3330: checking build system type
configure:3344: result: x86_64-pc-linux-gnu
configure:3364: checking host system type
configure:3377: result: x86_64-pc-linux-gnu
configure:3448: checking for gcc
configure:3464: found /usr/bin/gcc
configure:3475: result: gcc
configure:3704: checking for C compiler version
configure:3713: gcc --version >&5
gcc (GCC) 11.3.1 20220421 (Red Hat 11.3.1-2)
Copyright (C) 2021 Free Software Foundation, Inc.
This is free software; see the source for copying conditions.  There is NO
warranty; not even for MERCHANTABILITY or FITNESS FOR A PARTICULAR PURPOSE.

configure:3724: $? = 0
configure:3713: gcc -v >&5
Using built-in specs.
COLLECT_GCC=gcc
COLLECT_LTO_WRAPPER=/usr/libexec/gcc/x86_64-redhat-linux/11/lto-wrapper
OFFLOAD_TARGET_NAMES=nvptx-none
OFFLOAD_TARGET_DEFAULT=1
Target: x86_64-redhat-linux
Configured with: ../configure --enable-bootstrap --enable-languages=c,c++,fortran,objc,obj-c++,ada,go,d,lto --prefix=/usr --mandir=/usr/share/man --infodir=/usr/share/info --with-bugurl=http://bugzilla.redhat.com/bugzilla --enable-shared --enable-threads=posix --enable-checking=release --enable-multilib --with-system-zlib --enable-__cxa_atexit --disable-libunwind-exceptions --enable-gnu-unique-object --enable-linker-build-id --with-gcc-major-version-only --with-linker-hash-style=gnu --enable-plugin --enable-initfini-array --with-isl=/builddir/build/BUILD/gcc-11.3.1-20220421/obj-x86_64-redhat-linux/isl-install --enable-offload-targets=nvptx-none --without-cuda-driver --enable-gnu-indirect-function --enable-cet --with-tune=generic --with-arch_32=i686 --build=x86_64-redhat-linux --with-build-config=bootstrap-lto --enable-link-serialization=1
Thread model: posix
Supported LTO compression algorithms: zlib zstd
gcc version 11.3.1 20220421 (Red Hat 11.3.1-2) (GCC) 
... rest of stderr output deleted ...
configure:3724: $? = 0
configure:3713: gcc -V >&5
gcc: error: unrecognized command-line option '-V'
gcc: fatal error: no input files
compilation terminated.
configure:3724: $? = 1
configure:3713: gcc -qversion >&5
gcc: error: unrecognized command-line option '-qversion'; did you mean '--version'?
gcc: fatal error: no input files
compilation terminated.
configure:3724: $? = 1
configure:3744: checking whether the C compiler works
configure:3766: gcc    conftest.c  >&5
configure:3770: $? = 0
configure:3818: result: yes
configure:3821: checking for C compiler default output file name
configure:3823: result: a.out
configure:3829: checking for suffix of executables
configure:3836: gcc -o conftest    conftest.c  >&5
configure:3840: $? = 0
configure:3862: result: 
configure:3884: checking whether we are cross compiling
configure:3892: gcc -o conftest    conftest.c  >&5
configure:3896: $? = 0
configure:3903: ./conftest
configure:3907: $? = 0
configure:3922: result: no
configure:3927: checking for suffix of object files
configure:3949: gcc -c   conftest.c >&5
configure:3953: $? = 0
configure:3974: result: o
configure:3978: checking whether we are using the GNU C compiler
configure:3997: gcc -c   conftest.c >&5
configure:3997: $? = 0
configure:4006: result: yes
configure:4015: checking whether gcc accepts -g
configure:4035: gcc -c -g  conftest.c >&5
configure:4035: $? = 0
configure:4076: result: yes
configure:4093: checking for gcc option to accept ISO C89
configure:4156: gcc  -c -g -O2  conftest.c >&5
configure:4156: $? = 0
configure:4169: result: none needed
configure:4194: checking whether gcc understands -c and -o together
configure:4216: gcc -c conftest.c -o conftest2.o
configure:4219: $? = 0
configure:4216: gcc -c conftest.c -o conftest2.o
configure:4219: $? = 0
configure:4231: result: yes
configure:4251: checking whether make supports the include directive
configure:4266: make -f confmf.GNU && cat confinc.out
this is the am__doit target
configure:4269: $? = 0
configure:4288: result: yes (GNU style)
configure:4313: checking dependency style of gcc
configure:4424: result: gcc3
configure:4497: checking for g++
configure:4513: found /usr/bin/g++
configure:4524: result: g++
configure:4551: checking for C++ compiler version
configure:4560: g++ --version >&5
g++ (GCC) 11.3.1 20220421 (Red Hat 11.3.1-2)
Copyright (C) 2021 Free Software Foundation, Inc.
This is free software; see the source for copying conditions.  There is NO
warranty; not even for MERCHANTABILITY or FITNESS FOR A PARTICULAR PURPOSE.

configure:4571: $? = 0
configure:4560: g++ -v >&5
Using built-in specs.
COLLECT_GCC=g++
COLLECT_LTO_WRAPPER=/usr/libexec/gcc/x86_64-redhat-linux/11/lto-wrapper
OFFLOAD_TARGET_NAMES=nvptx-none
OFFLOAD_TARGET_DEFAULT=1
Target: x86_64-redhat-linux
Configured with: ../configure --enable-bootstrap --enable-languages=c,c++,fortran,objc,obj-c++,ada,go,d,lto --prefix=/usr --mandir=/usr/share/man --infodir=/usr/share/info --with-bugurl=http://bugzilla.redhat.com/bugzilla --enable-shared --enable-threads=posix --enable-checking=release --enable-multilib --with-system-zlib --enable-__cxa_atexit --disable-libunwind-exceptions --enable-gnu-unique-object --enable-linker-build-id --with-gcc-major-version-only --with-linker-hash-style=gnu --enable-plugin --enable-initfini-array --with-isl=/builddir/build/BUILD/gcc-11.3.1-20220421/obj-x86_64-redhat-linux/isl-install --enable-offload-targets=nvptx-none --without-cuda-driver --enable-gnu-indirect-function --enable-cet --with-tune=generic --with-arch_32=i686 --build=x86_64-redhat-linux --with-build-config=bootstrap-lto --enable-link-serialization=1
Thread model: posix
Supported LTO compression algorithms: zlib zstd
gcc version 11.3.1 20220421 (Red Hat 11.3.1-2) (GCC) 
... rest of stderr output deleted ...
configure:4571: $? = 0
configure:4560: g++ -V >&5
g++: error: unrecognized command-line option '-V'
g++: fatal error: no input files
compilation terminated.
configure:4571: $? = 1
configure:4560: g++ -qversion >&5
g++: error: unrecognized command-line option '-qversion'; did you mean '--version'?
g++: fatal error: no input files
compilation terminated.
configure:4571: $? = 1
configure:4575: checking whether we are using the GNU C++ compiler
configure:4594: g++ -c   conftest.cpp >&5
configure:4594: $? = 0
configure:4603: result: yes
configure:4612: checking whether g++ accepts -g
configure:4632: g++ -c -g  conftest.cpp >&5
configure:4632: $? = 0
configure:4673: result: yes
configure:4698: checking dependency style of g++
configure:4809: result: gcc3
configure:4873: checking how to print strings
configure:4900: result: printf
configure:4921: checking for a sed that does not truncate output
configure:4985: result: /usr/bin/sed
configure:5003: checking for grep that handles long lines and -e
configure:5061: result: /usr/bin/grep
configure:5066: checking for egrep
configure:5128: result: /usr/bin/grep -E
configure:5133: checking for fgrep
configure:5195: result: /usr/bin/grep -F
configure:5230: checking for ld used by gcc
configure:5297: result: /usr/bin/ld
configure:5304: checking if the linker (/usr/bin/ld) is GNU ld
configure:5319: result: yes
configure:5331: checking for BSD- or MS-compatible name lister (nm)
configure:5385: result: /usr/bin/nm -B
configure:5515: checking the name lister (/usr/bin/nm -B) interface
configure:5522: gcc -c -g -O2  conftest.c >&5
configure:5525: /usr/bin/nm -B "conftest.o"
configure:5528: output
0000000000000000 B some_variable
configure:5535: result: BSD nm
configure:5538: checking whether ln -s works
configure:5542: result: yes
configure:5550: checking the maximum length of command line arguments
configure:5681: result: 1572864
configure:5729: checking how to convert x86_64-pc-linux-gnu file names to x86_64-pc-linux-gnu format
configure:5769: result: func_convert_file_noop
configure:5776: checking how to convert x86_64-pc-linux-gnu file names to toolchain format
configure:5796: result: func_convert_file_noop
configure:5803: checking for /usr/bin/ld option to reload object files
configure:5810: result: -r
configure:5884: checking for objdump
configure:5900: found /usr/bin/objdump
configure:5911: result: objdump
configure:5943: checking how to recognize dependent libraries
configure:6143: result: pass_all
configure:6228: checking for dlltool
configure:6258: result: no
configure:6288: checking how to associate runtime and link libraries
configure:6315: result: printf %s\n
configure:6376: checking for ar
configure:6392: found /usr/bin/ar
configure:6403: result: ar
configure:6440: checking for archiver @FILE support
configure:6457: gcc -c -g -O2  conftest.c >&5
configure:6457: $? = 0
configure:6460: ar cru libconftest.a @conftest.lst >&5
configure:6463: $? = 0
configure:6468: ar cru libconftest.a @conftest.lst >&5
ar: conftest.o: No such file or directory
configure:6471: $? = 1
configure:6483: result: @
configure:6541: checking for strip
configure:6557: found /usr/bin/strip
configure:6568: result: strip
configure:6640: checking for ranlib
configure:6656: found /usr/bin/ranlib
configure:6667: result: ranlib
configure:6769: checking command to parse /usr/bin/nm -B output from gcc object
configure:6922: gcc -c -g -O2  conftest.c >&5
configure:6925: $? = 0
configure:6929: /usr/bin/nm -B conftest.o \| sed -n -e 's/^.*[ ]\([ABCDGIRSTW][ABCDGIRSTW]*\)[ ][ ]*\([_A-Za-z][_A-Za-z0-9]*\)$/\1 \2 \2/p' | sed '/ __gnu_lto/d' \> conftest.nm
configure:6932: $? = 0
configure:6998: gcc -o conftest -g -O2   conftest.c conftstm.o >&5
configure:7001: $? = 0
configure:7039: result: ok
configure:7086: checking for sysroot
configure:7116: result: no
configure:7123: checking for a working dd
configure:7161: result: /usr/bin/dd
configure:7165: checking how to truncate binary pipes
configure:7180: result: /usr/bin/dd bs=4096 count=1
configure:7316: gcc -c -g -O2  conftest.c >&5
configure:7319: $? = 0
configure:7509: checking for mt
configure:7539: result: no
configure:7559: checking if : is a manifest tool
configure:7565: : '-?'
configure:7573: result: no
configure:8250: checking how to run the C preprocessor
configure:8281: gcc -E  conftest.c
configure:8281: $? = 0
configure:8295: gcc -E  conftest.c
conftest.c:11:10: fatal error: ac_nonexistent.h: No such file or directory
   11 | #include <ac_nonexistent.h>
      |          ^~~~~~~~~~~~~~~~~~
compilation terminated.
configure:8295: $? = 1
configure: failed program was:
| /* confdefs.h */
| #define PACKAGE_NAME "resiprocate"
| #define PACKAGE_TARNAME "resiprocate"
| #define PACKAGE_VERSION "1.13.0~alpha1"
| #define PACKAGE_STRING "resiprocate 1.13.0~alpha1"
| #define PACKAGE_BUGREPORT ""
| #define PACKAGE_URL ""
| #define PACKAGE "resiprocate"
| #define VERSION "1.13.0~alpha1"
| /* end confdefs.h.  */
| #include <ac_nonexistent.h>
configure:8320: result: gcc -E
configure:8340: gcc -E  conftest.c
configure:8340: $? = 0
configure:8354: gcc -E  conftest.c
conftest.c:11:10: fatal error: ac_nonexistent.h: No such file or directory
   11 | #include <ac_nonexistent.h>
      |          ^~~~~~~~~~~~~~~~~~
compilation terminated.
configure:8354: $? = 1
configure: failed program was:
| /* confdefs.h */
| #define PACKAGE_NAME "resiprocate"
| #define PACKAGE_TARNAME "resiprocate"
| #define PACKAGE_VERSION "1.13.0~alpha1"
| #define PACKAGE_STRING "resiprocate 1.13.0~alpha1"
| #define PACKAGE_BUGREPORT ""
| #define PACKAGE_URL ""
| #define PACKAGE "resiprocate"
| #define VERSION "1.13.0~alpha1"
| /* end confdefs.h.  */
| #include <ac_nonexistent.h>
configure:8383: checking for ANSI C header files
configure:8403: gcc -c -g -O2  conftest.c >&5
configure:8403: $? = 0
configure:8476: gcc -o conftest -g -O2   conftest.c  >&5
configure:8476: $? = 0
configure:8476: ./conftest
configure:8476: $? = 0
configure:8487: result: yes
configure:8500: checking for sys/types.h
configure:8500: gcc -c -g -O2  conftest.c >&5
configure:8500: $? = 0
configure:8500: result: yes
configure:8500: checking for sys/stat.h
configure:8500: gcc -c -g -O2  conftest.c >&5
configure:8500: $? = 0
configure:8500: result: yes
configure:8500: checking for stdlib.h
configure:8500: gcc -c -g -O2  conftest.c >&5
configure:8500: $? = 0
configure:8500: result: yes
configure:8500: checking for string.h
configure:8500: gcc -c -g -O2  conftest.c >&5
configure:8500: $? = 0
configure:8500: result: yes
configure:8500: checking for memory.h
configure:8500: gcc -c -g -O2  conftest.c >&5
configure:8500: $? = 0
configure:8500: result: yes
configure:8500: checking for strings.h
configure:8500: gcc -c -g -O2  conftest.c >&5
configure:8500: $? = 0
configure:8500: result: yes
configure:8500: checking for inttypes.h
configure:8500: gcc -c -g -O2  conftest.c >&5
configure:8500: $? = 0
configure:8500: result: yes
configure:8500: checking for stdint.h
configure:8500: gcc -c -g -O2  conftest.c >&5
configure:8500: $? = 0
configure:8500: result: yes
configure:8500: checking for unistd.h
configure:8500: gcc -c -g -O2  conftest.c >&5
configure:8500: $? = 0
configure:8500: result: yes
configure:8514: checking for dlfcn.h
configure:8514: gcc -c -g -O2  conftest.c >&5
configure:8514: $? = 0
configure:8514: result: yes
configure:8781: checking for objdir
configure:8796: result: .libs
configure:9060: checking if gcc supports -fno-rtti -fno-exceptions
configure:9078: gcc -c -g -O2  -fno-rtti -fno-exceptions conftest.c >&5
cc1: warning: command-line option '-fno-rtti' is valid for C++/D/ObjC++ but not for C
configure:9082: $? = 0
configure:9095: result: no
configure:9453: checking for gcc option to produce PIC
configure:9460: result: -fPIC -DPIC
configure:9468: checking if gcc PIC flag -fPIC -DPIC works
configure:9486: gcc -c -g -O2  -fPIC -DPIC -DPIC conftest.c >&5
configure:9490: $? = 0
configure:9503: result: yes
configure:9532: checking if gcc static flag -static works
configure:9560: result: no
configure:9575: checking if gcc supports -c -o file.o
configure:9596: gcc -c -g -O2  -o out/conftest2.o conftest.c >&5
configure:9600: $? = 0
configure:9622: result: yes
configure:9630: checking if gcc supports -c -o file.o
configure:9677: result: yes
configure:9710: checking whether the gcc linker (/usr/bin/ld -m elf_x86_64) supports shared libraries
configure:10969: result: yes
configure:11006: checking whether -lc should be explicitly linked in
configure:11014: gcc -c -g -O2  conftest.c >&5
configure:11017: $? = 0
configure:11032: gcc -shared  -fPIC -DPIC conftest.o  -v -Wl,-soname -Wl,conftest -o conftest 2\>\&1 \| /usr/bin/grep  -lc  \>/dev/null 2\>\&1
configure:11035: $? = 0
configure:11049: result: no
configure:11209: checking dynamic linker characteristics
configure:11790: gcc -o conftest -g -O2   -Wl,-rpath -Wl,/foo conftest.c  >&5
configure:11790: $? = 0
configure:12030: result: GNU/Linux ld.so
configure:12152: checking how to hardcode library paths into programs
configure:12177: result: immediate
configure:12725: checking whether stripping libraries is possible
configure:12730: result: yes
configure:12765: checking if libtool supports shared libraries
configure:12767: result: yes
configure:12770: checking whether to build shared libraries
configure:12795: result: yes
configure:12798: checking whether to build static libraries
configure:12802: result: yes
configure:12825: checking how to run the C++ preprocessor
configure:12852: g++ -E  conftest.cpp
configure:12852: $? = 0
configure:12866: g++ -E  conftest.cpp
conftest.cpp:23:10: fatal error: ac_nonexistent.h: No such file or directory
   23 | #include <ac_nonexistent.h>
      |          ^~~~~~~~~~~~~~~~~~
compilation terminated.
configure:12866: $? = 1
configure: failed program was:
| /* confdefs.h */
| #define PACKAGE_NAME "resiprocate"
| #define PACKAGE_TARNAME "resiprocate"
| #define PACKAGE_VERSION "1.13.0~alpha1"
| #define PACKAGE_STRING "resiprocate 1.13.0~alpha1"
| #define PACKAGE_BUGREPORT ""
| #define PACKAGE_URL ""
| #define PACKAGE "resiprocate"
| #define VERSION "1.13.0~alpha1"
| #define STDC_HEADERS 1
| #define HAVE_SYS_TYPES_H 1
| #define HAVE_SYS_STAT_H 1
| #define HAVE_STDLIB_H 1
| #define HAVE_STRING_H 1
| #define HAVE_MEMORY_H 1
| #define HAVE_STRINGS_H 1
| #define HAVE_INTTYPES_H 1
| #define HAVE_STDINT_H 1
| #define HAVE_UNISTD_H 1
| #define HAVE_DLFCN_H 1
| #define LT_OBJDIR ".libs/"
| /* end confdefs.h.  */
| #include <ac_nonexistent.h>
configure:12891: result: g++ -E
configure:12911: g++ -E  conftest.cpp
configure:12911: $? = 0
configure:12925: g++ -E  conftest.cpp
conftest.cpp:23:10: fatal error: ac_nonexistent.h: No such file or directory
   23 | #include <ac_nonexistent.h>
      |          ^~~~~~~~~~~~~~~~~~
compilation terminated.
configure:12925: $? = 1
configure: failed program was:
| /* confdefs.h */
| #define PACKAGE_NAME "resiprocate"
| #define PACKAGE_TARNAME "resiprocate"
| #define PACKAGE_VERSION "1.13.0~alpha1"
| #define PACKAGE_STRING "resiprocate 1.13.0~alpha1"
| #define PACKAGE_BUGREPORT ""
| #define PACKAGE_URL ""
| #define PACKAGE "resiprocate"
| #define VERSION "1.13.0~alpha1"
| #define STDC_HEADERS 1
| #define HAVE_SYS_TYPES_H 1
| #define HAVE_SYS_STAT_H 1
| #define HAVE_STDLIB_H 1
| #define HAVE_STRING_H 1
| #define HAVE_MEMORY_H 1
| #define HAVE_STRINGS_H 1
| #define HAVE_INTTYPES_H 1
| #define HAVE_STDINT_H 1
| #define HAVE_UNISTD_H 1
| #define HAVE_DLFCN_H 1
| #define LT_OBJDIR ".libs/"
| /* end confdefs.h.  */
| #include <ac_nonexistent.h>
configure:13087: checking for ld used by g++
configure:13154: result: /usr/bin/ld -m elf_x86_64
configure:13161: checking if the linker (/usr/bin/ld -m elf_x86_64) is GNU ld
configure:13176: result: yes
configure:13231: checking whether the g++ linker (/usr/bin/ld -m elf_x86_64) supports shared libraries
configure:14304: result: yes
configure:14340: g++ -c -g -O2  conftest.cpp >&5
configure:14343: $? = 0
configure:14824: checking for g++ option to produce PIC
configure:14831: result: -fPIC -DPIC
configure:14839: checking if g++ PIC flag -fPIC -DPIC works
configure:14857: g++ -c -g -O2  -fPIC -DPIC -DPIC conftest.cpp >&5
configure:14861: $? = 0
configure:14874: result: yes
configure:14897: checking if g++ static flag -static works
configure:14925: result: no
configure:14937: checking if g++ supports -c -o file.o
configure:14958: g++ -c -g -O2  -o out/conftest2.o conftest.cpp >&5
configure:14962: $? = 0
configure:14984: result: yes
configure:14989: checking if g++ supports -c -o file.o
configure:15036: result: yes
configure:15066: checking whether the g++ linker (/usr/bin/ld -m elf_x86_64) supports shared libraries
configure:15106: result: yes
configure:15247: checking dynamic linker characteristics
configure:15995: result: GNU/Linux ld.so
configure:16060: checking how to hardcode library paths into programs
configure:16085: result: immediate
configure:16147: checking for a sed that does not truncate output
configure:16211: result: /usr/bin/sed
configure:16217: checking whether make sets $(MAKE)
configure:16239: result: yes
configure:16291: checking for ranlib
configure:16318: result: ranlib
configure:16377: checking whether g++ supports C++11 features with -std=gnu++11
configure:16675: g++ -std=gnu++11 -c -g -O2  conftest.cpp >&5
configure:16675: $? = 0
configure:16684: result: yes
configure:17050: checking  for GNU warning flags
configure:17055: result: yes
configure:17120: checking whether byte ordering is bigendian
configure:17135: gcc -c -g -O2 -Wall -Wno-deprecated  -DENABLE_LOG_REPOSITORY_DETAILS conftest.c >&5
conftest.c:26:16: error: unknown type name 'not'
   26 |                not a universal capable compiler
      |                ^~~
conftest.c:26:22: error: expected '=', ',', ';', 'asm' or '__attribute__' before 'universal'
   26 |                not a universal capable compiler
      |                      ^~~~~~~~~
conftest.c:26:22: error: unknown type name 'universal'
configure:17135: $? = 1
configure: failed program was:
| /* confdefs.h */
| #define PACKAGE_NAME "resiprocate"
| #define PACKAGE_TARNAME "resiprocate"
| #define PACKAGE_VERSION "1.13.0~alpha1"
| #define PACKAGE_STRING "resiprocate 1.13.0~alpha1"
| #define PACKAGE_BUGREPORT ""
| #define PACKAGE_URL ""
| #define PACKAGE "resiprocate"
| #define VERSION "1.13.0~alpha1"
| #define STDC_HEADERS 1
| #define HAVE_SYS_TYPES_H 1
| #define HAVE_SYS_STAT_H 1
| #define HAVE_STDLIB_H 1
| #define HAVE_STRING_H 1
| #define HAVE_MEMORY_H 1
| #define HAVE_STRINGS_H 1
| #define HAVE_INTTYPES_H 1
| #define HAVE_STDINT_H 1
| #define HAVE_UNISTD_H 1
| #define HAVE_DLFCN_H 1
| #define LT_OBJDIR ".libs/"
| #define GPERF_SIZE_TYPE size_t
| #define HAVE_CXX11 1
| /* end confdefs.h.  */
| #ifndef __APPLE_CC__
| 	       not a universal capable compiler
| 	     #endif
| 	     typedef int dummy;
| 
configure:17180: gcc -c -g -O2 -Wall -Wno-deprecated  -DENABLE_LOG_REPOSITORY_DETAILS conftest.c >&5
configure:17180: $? = 0
configure:17198: gcc -c -g -O2 -Wall -Wno-deprecated  -DENABLE_LOG_REPOSITORY_DETAILS conftest.c >&5
conftest.c: In function 'main':
conftest.c:32:18: error: unknown type name 'not'; did you mean 'ino_t'?
   32 |                  not big endian
      |                  ^~~
      |                  ino_t
conftest.c:32:26: error: expected '=', ',', ';', 'asm' or '__attribute__' before 'endian'
   32 |                  not big endian
      |                          ^~~~~~
configure:17198: $? = 1
configure: failed program was:
| /* confdefs.h */
| #define PACKAGE_NAME "resiprocate"
| #define PACKAGE_TARNAME "resiprocate"
| #define PACKAGE_VERSION "1.13.0~alpha1"
| #define PACKAGE_STRING "resiprocate 1.13.0~alpha1"
| #define PACKAGE_BUGREPORT ""
| #define PACKAGE_URL ""
| #define PACKAGE "resiprocate"
| #define VERSION "1.13.0~alpha1"
| #define STDC_HEADERS 1
| #define HAVE_SYS_TYPES_H 1
| #define HAVE_SYS_STAT_H 1
| #define HAVE_STDLIB_H 1
| #define HAVE_STRING_H 1
| #define HAVE_MEMORY_H 1
| #define HAVE_STRINGS_H 1
| #define HAVE_INTTYPES_H 1
| #define HAVE_STDINT_H 1
| #define HAVE_UNISTD_H 1
| #define HAVE_DLFCN_H 1
| #define LT_OBJDIR ".libs/"
| #define GPERF_SIZE_TYPE size_t
| #define HAVE_CXX11 1
| /* end confdefs.h.  */
| #include <sys/types.h>
| 		#include <sys/param.h>
| 
| int
| main ()
| {
| #if BYTE_ORDER != BIG_ENDIAN
| 		 not big endian
| 		#endif
| 
|   ;
|   return 0;
| }
configure:17326: result: no
configure:17351: checking for struct sockaddr_in.sin_len
configure:17351: gcc -c -g -O2 -Wall -Wno-deprecated  -DENABLE_LOG_REPOSITORY_DETAILS -D_REENTRANT conftest.c >&5
conftest.c: In function 'main':
conftest.c:31:12: error: 'struct sockaddr_in' has no member named 'sin_len'
   31 | if (ac_aggr.sin_len)
      |            ^
conftest.c:30:27: warning: variable 'ac_aggr' set but not used [-Wunused-but-set-variable]
   30 | static struct sockaddr_in ac_aggr;
      |                           ^~~~~~~
configure:17351: $? = 1
configure: failed program was:
| /* confdefs.h */
| #define PACKAGE_NAME "resiprocate"
| #define PACKAGE_TARNAME "resiprocate"
| #define PACKAGE_VERSION "1.13.0~alpha1"
| #define PACKAGE_STRING "resiprocate 1.13.0~alpha1"
| #define PACKAGE_BUGREPORT ""
| #define PACKAGE_URL ""
| #define PACKAGE "resiprocate"
| #define VERSION "1.13.0~alpha1"
| #define STDC_HEADERS 1
| #define HAVE_SYS_TYPES_H 1
| #define HAVE_SYS_STAT_H 1
| #define HAVE_STDLIB_H 1
| #define HAVE_STRING_H 1
| #define HAVE_MEMORY_H 1
| #define HAVE_STRINGS_H 1
| #define HAVE_INTTYPES_H 1
| #define HAVE_STDINT_H 1
| #define HAVE_UNISTD_H 1
| #define HAVE_DLFCN_H 1
| #define LT_OBJDIR ".libs/"
| #define GPERF_SIZE_TYPE size_t
| #define HAVE_CXX11 1
| /* end confdefs.h.  */
| #include <arpa/inet.h>
| 
| int
| main ()
| {
| static struct sockaddr_in ac_aggr;
| if (ac_aggr.sin_len)
| return 0;
|   ;
|   return 0;
| }
configure:17351: gcc -c -g -O2 -Wall -Wno-deprecated  -DENABLE_LOG_REPOSITORY_DETAILS -D_REENTRANT conftest.c >&5
conftest.c: In function 'main':
conftest.c:31:19: error: 'struct sockaddr_in' has no member named 'sin_len'
   31 | if (sizeof ac_aggr.sin_len)
      |                   ^
conftest.c:30:27: warning: variable 'ac_aggr' set but not used [-Wunused-but-set-variable]
   30 | static struct sockaddr_in ac_aggr;
      |                           ^~~~~~~
configure:17351: $? = 1
configure: failed program was:
| /* confdefs.h */
| #define PACKAGE_NAME "resiprocate"
| #define PACKAGE_TARNAME "resiprocate"
| #define PACKAGE_VERSION "1.13.0~alpha1"
| #define PACKAGE_STRING "resiprocate 1.13.0~alpha1"
| #define PACKAGE_BUGREPORT ""
| #define PACKAGE_URL ""
| #define PACKAGE "resiprocate"
| #define VERSION "1.13.0~alpha1"
| #define STDC_HEADERS 1
| #define HAVE_SYS_TYPES_H 1
| #define HAVE_SYS_STAT_H 1
| #define HAVE_STDLIB_H 1
| #define HAVE_STRING_H 1
| #define HAVE_MEMORY_H 1
| #define HAVE_STRINGS_H 1
| #define HAVE_INTTYPES_H 1
| #define HAVE_STDINT_H 1
| #define HAVE_UNISTD_H 1
| #define HAVE_DLFCN_H 1
| #define LT_OBJDIR ".libs/"
| #define GPERF_SIZE_TYPE size_t
| #define HAVE_CXX11 1
| /* end confdefs.h.  */
| #include <arpa/inet.h>
| 
| int
| main ()
| {
| static struct sockaddr_in ac_aggr;
| if (sizeof ac_aggr.sin_len)
| return 0;
|   ;
|   return 0;
| }
configure:17351: result: no
configure:17643: checking for pkg-config
configure:17661: found /usr/bin/pkg-config
configure:17673: result: /usr/bin/pkg-config
configure:17698: checking pkg-config is at least version 0.9.0
configure:17701: result: yes
configure:18892: checking for library containing gethostbyname
configure:18923: gcc -o conftest -g -O2 -Wall -Wno-deprecated  -DENABLE_LOG_REPOSITORY_DETAILS -D_REENTRANT  -L$(top_builddir)/rutil/dns/ares conftest.c  >&5
configure:18923: $? = 0
configure:18940: result: none required
configure:18948: checking for library containing socket
configure:18979: gcc -o conftest -g -O2 -Wall -Wno-deprecated  -DENABLE_LOG_REPOSITORY_DETAILS -D_REENTRANT  -L$(top_builddir)/rutil/dns/ares conftest.c  >&5
configure:18979: $? = 0
configure:18996: result: none required
configure:19006: checking whether time.h and sys/time.h may both be included
configure:19026: gcc -c -g -O2 -Wall -Wno-deprecated  -DENABLE_LOG_REPOSITORY_DETAILS -D_REENTRANT conftest.c >&5
configure:19026: $? = 0
configure:19033: result: yes
configure:19045: checking for sys/types.h
configure:19045: result: yes
configure:19045: checking sys/time.h usability
configure:19045: gcc -c -g -O2 -Wall -Wno-deprecated  -DENABLE_LOG_REPOSITORY_DETAILS -D_REENTRANT conftest.c >&5
configure:19045: $? = 0
configure:19045: result: yes
configure:19045: checking sys/time.h presence
configure:19045: gcc -E  -DENABLE_LOG_REPOSITORY_DETAILS -D_REENTRANT conftest.c
configure:19045: $? = 0
configure:19045: result: yes
configure:19045: checking for sys/time.h
configure:19045: result: yes
configure:19045: checking time.h usability
configure:19045: gcc -c -g -O2 -Wall -Wno-deprecated  -DENABLE_LOG_REPOSITORY_DETAILS -D_REENTRANT conftest.c >&5
configure:19045: $? = 0
configure:19045: result: yes
configure:19045: checking time.h presence
configure:19045: gcc -E  -DENABLE_LOG_REPOSITORY_DETAILS -D_REENTRANT conftest.c
configure:19045: $? = 0
configure:19045: result: yes
configure:19045: checking for time.h
configure:19045: result: yes
configure:19055: checking for monotonic clock_gettime
configure:19087: gcc -c -g -O2 -Wall -Wno-deprecated  -DENABLE_LOG_REPOSITORY_DETAILS -D_REENTRANT conftest.c >&5
configure:19087: $? = 0
configure:19089: result: yes
configure:19106: checking for clock_gettime in libraries
configure:19149: gcc -o conftest -g -O2 -Wall -Wno-deprecated  -DENABLE_LOG_REPOSITORY_DETAILS -D_REENTRANT  -L$(top_builddir)/rutil/dns/ares conftest.c  >&5
configure:19149: $? = 0
configure:19170: result: no additional lib required
configure:19188: checking if monotonic clock_gettime works
configure:19232: gcc -o conftest -g -O2 -Wall -Wno-deprecated  -DENABLE_LOG_REPOSITORY_DETAILS -D_REENTRANT  -L$(top_builddir)/rutil/dns/ares conftest.c  >&5
configure:19232: $? = 0
configure:19232: ./conftest
configure:19232: $? = 0
configure:19234: result: yes
configure:19268: checking linux/version.h usability
configure:19268: gcc -c -g -O2 -Wall -Wno-deprecated  -DENABLE_LOG_REPOSITORY_DETAILS -D_REENTRANT conftest.c >&5
configure:19268: $? = 0
configure:19268: result: yes
configure:19268: checking linux/version.h presence
configure:19268: gcc -E  -DENABLE_LOG_REPOSITORY_DETAILS -D_REENTRANT conftest.c
configure:19268: $? = 0
configure:19268: result: yes
configure:19268: checking for linux/version.h
configure:19268: result: yes
configure:19274: checking for Linux epoll(7) interface
configure:19300: gcc -o conftest -g -O2 -Wall -Wno-deprecated  -DENABLE_LOG_REPOSITORY_DETAILS -D_REENTRANT -DHAVE_LINUX_VERSION_H  -L$(top_builddir)/rutil/dns/ares conftest.c  >&5
conftest.c: In function 'main':
conftest.c:47:9: warning: variable 'rc' set but not used [-Wunused-but-set-variable]
   47 | int fd, rc;
      |         ^~
configure:19300: $? = 0
configure:19311: result: yes
configure:19325: checking for dlopen in -ldl
configure:19350: gcc -o conftest -g -O2 -Wall -Wno-deprecated  -DENABLE_LOG_REPOSITORY_DETAILS -D_REENTRANT  -L$(top_builddir)/rutil/dns/ares conftest.c -ldl   >&5
configure:19350: $? = 0
configure:19359: result: yes
configure:19499: checking whether to enable maintainer-specific portions of Makefiles
configure:19508: result: no
configure:19624: checking that generated files are newer than configure
configure:19630: result: done
configure:19922: creating ./config.status

## ---------------------- ##
## Running config.status. ##
## ---------------------- ##

This file was extended by resiprocate config.status 1.13.0~alpha1, which was
generated by GNU Autoconf 2.69.  Invocation command line was

  CONFIG_FILES    = 
  CONFIG_HEADERS  = 
  CONFIG_LINKS    = 
  CONFIG_COMMANDS = 
  $ ./config.status 

on fedora

config.status:1307: creating Makefile
config.status:1307: creating rutil/dns/ares/Makefile
config.status:1307: creating rutil/Makefile
config.status:1307: creating rutil/test/Makefile
config.status:1307: creating resip/Makefile
config.status:1307: creating resip/stack/Makefile
config.status:1307: creating resip/stack/test/Makefile
config.status:1307: creating resip/dum/Makefile
config.status:1307: creating resip/dum/test/Makefile
config.status:1307: creating resip/certs/Makefile
config.status:1307: creating resip/rend/Makefile
config.status:1307: creating repro/Makefile
config.status:1307: creating repro/accountingconsumers/Makefile
config.status:1307: creating repro/reprocmd/Makefile
config.status:1307: creating repro/test/Makefile
config.status:1307: creating repro/plugins/Makefile
config.status:1307: creating repro/plugins/example/Makefile
config.status:1307: creating repro/plugins/pyroute/Makefile
config.status:1307: creating tfm/Makefile
config.status:1307: creating tfm/repro/Makefile
config.status:1307: creating tfm/tfdum/Makefile
config.status:1307: creating apps/Makefile
config.status:1307: creating apps/clicktocall/Makefile
config.status:1307: creating apps/clicktocall/test/Makefile
config.status:1307: creating apps/echoTest/Makefile
config.status:1307: creating apps/ichat-gw/Makefile
config.status:1307: creating apps/ichat-gw/jabberconnector/Makefile
config.status:1307: creating apps/sipdial/Makefile
config.status:1307: creating apps/telepathy/Makefile
config.status:1307: creating apps/telepathy/data/Makefile
config.status:1307: creating apps/registration-agent/Makefile
config.status:1307: creating apps/reConServer/Makefile
config.status:1307: creating resiprocate.spec
config.status:1307: creating reTurn/Makefile
config.status:1307: creating reTurn/test/Makefile
config.status:1307: creating reTurn/client/Makefile
config.status:1307: creating reTurn/client/test/Makefile
config.status:1307: creating reflow/Makefile
config.status:1307: creating reflow/dtls_wrapper/test/Makefile
config.status:1307: creating resip/recon/Makefile
config.status:1307: creating resip/recon/MOHParkServer/Makefile
config.status:1307: creating resip/recon/test/Makefile
config.status:1307: creating p2p/s2c/s2c/Makefile
config.status:1307: creating p2p/Makefile
config.status:1307: creating media/Makefile
config.status:1307: creating media/kurento/Makefile
config.status:1307: creating media/kurento/test/Makefile
config.status:1307: creating config.h
config.status:1521: executing depfiles commands
config.status:1598: cd rutil/dns/ares       && sed -e '/# am--include-marker/d' Makefile         | make -f - am--depfiles
config.status:1603: $? = 0
config.status:1598: cd rutil       && sed -e '/# am--include-marker/d' Makefile         | make -f - am--depfiles
config.status:1603: $? = 0
config.status:1598: cd rutil/test       && sed -e '/# am--include-marker/d' Makefile         | make -f - am--depfiles
config.status:1603: $? = 0
config.status:1598: cd resip/stack       && sed -e '/# am--include-marker/d' Makefile         | make -f - am--depfiles
config.status:1603: $? = 0
config.status:1598: cd resip/stack/test       && sed -e '/# am--include-marker/d' Makefile         | make -f - am--depfiles
config.status:1603: $? = 0
config.status:1598: cd resip/dum       && sed -e '/# am--include-marker/d' Makefile         | make -f - am--depfiles
config.status:1603: $? = 0
config.status:1598: cd resip/dum/test       && sed -e '/# am--include-marker/d' Makefile         | make -f - am--depfiles
config.status:1603: $? = 0
config.status:1598: cd resip/rend       && sed -e '/# am--include-marker/d' Makefile         | make -f - am--depfiles
config.status:1603: $? = 0
config.status:1598: cd repro       && sed -e '/# am--include-marker/d' Makefile         | make -f - am--depfiles
config.status:1603: $? = 0
config.status:1598: cd repro/accountingconsumers       && sed -e '/# am--include-marker/d' Makefile         | make -f - am--depfiles
config.status:1603: $? = 0
config.status:1598: cd repro/reprocmd       && sed -e '/# am--include-marker/d' Makefile         | make -f - am--depfiles
config.status:1603: $? = 0
config.status:1598: cd repro/plugins/example       && sed -e '/# am--include-marker/d' Makefile         | make -f - am--depfiles
config.status:1603: $? = 0
config.status:1598: cd repro/plugins/pyroute       && sed -e '/# am--include-marker/d' Makefile         | make -f - am--depfiles
config.status:1603: $? = 0
config.status:1598: cd tfm       && sed -e '/# am--include-marker/d' Makefile         | make -f - am--depfiles
config.status:1603: $? = 0
config.status:1598: cd tfm/repro       && sed -e '/# am--include-marker/d' Makefile         | make -f - am--depfiles
config.status:1603: $? = 0
config.status:1598: cd tfm/tfdum       && sed -e '/# am--include-marker/d' Makefile         | make -f - am--depfiles
config.status:1603: $? = 0
config.status:1598: cd apps/clicktocall       && sed -e '/# am--include-marker/d' Makefile         | make -f - am--depfiles
config.status:1603: $? = 0
config.status:1598: cd apps/clicktocall/test       && sed -e '/# am--include-marker/d' Makefile         | make -f - am--depfiles
config.status:1603: $? = 0
config.status:1598: cd apps/echoTest       && sed -e '/# am--include-marker/d' Makefile         | make -f - am--depfiles
config.status:1603: $? = 0
config.status:1598: cd apps/ichat-gw       && sed -e '/# am--include-marker/d' Makefile         | make -f - am--depfiles
config.status:1603: $? = 0
config.status:1598: cd apps/ichat-gw/jabberconnector       && sed -e '/# am--include-marker/d' Makefile         | make -f - am--depfiles
config.status:1603: $? = 0
config.status:1598: cd apps/sipdial       && sed -e '/# am--include-marker/d' Makefile         | make -f - am--depfiles
config.status:1603: $? = 0
config.status:1598: cd apps/telepathy       && sed -e '/# am--include-marker/d' Makefile         | make -f - am--depfiles
config.status:1603: $? = 0
config.status:1598: cd apps/registration-agent       && sed -e '/# am--include-marker/d' Makefile         | make -f - am--depfiles
config.status:1603: $? = 0
config.status:1598: cd apps/reConServer       && sed -e '/# am--include-marker/d' Makefile         | make -f - am--depfiles
config.status:1603: $? = 0
config.status:1598: cd reTurn       && sed -e '/# am--include-marker/d' Makefile         | make -f - am--depfiles
config.status:1603: $? = 0
config.status:1598: cd reTurn/test       && sed -e '/# am--include-marker/d' Makefile         | make -f - am--depfiles
config.status:1603: $? = 0
config.status:1598: cd reTurn/client       && sed -e '/# am--include-marker/d' Makefile         | make -f - am--depfiles
config.status:1603: $? = 0
config.status:1598: cd reTurn/client/test       && sed -e '/# am--include-marker/d' Makefile         | make -f - am--depfiles
config.status:1603: $? = 0
config.status:1598: cd reflow       && sed -e '/# am--include-marker/d' Makefile         | make -f - am--depfiles
config.status:1603: $? = 0
config.status:1598: cd reflow/dtls_wrapper/test       && sed -e '/# am--include-marker/d' Makefile         | make -f - am--depfiles
config.status:1603: $? = 0
config.status:1598: cd resip/recon       && sed -e '/# am--include-marker/d' Makefile         | make -f - am--depfiles
config.status:1603: $? = 0
config.status:1598: cd resip/recon/MOHParkServer       && sed -e '/# am--include-marker/d' Makefile         | make -f - am--depfiles
config.status:1603: $? = 0
config.status:1598: cd resip/recon/test       && sed -e '/# am--include-marker/d' Makefile         | make -f - am--depfiles
config.status:1603: $? = 0
config.status:1598: cd p2p/s2c/s2c       && sed -e '/# am--include-marker/d' Makefile         | make -f - am--depfiles
config.status:1603: $? = 0
config.status:1598: cd p2p       && sed -e '/# am--include-marker/d' Makefile         | make -f - am--depfiles
config.status:1603: $? = 0
config.status:1598: cd media/kurento       && sed -e '/# am--include-marker/d' Makefile         | make -f - am--depfiles
config.status:1603: $? = 0
config.status:1598: cd media/kurento/test       && sed -e '/# am--include-marker/d' Makefile         | make -f - am--depfiles
config.status:1603: $? = 0
config.status:1521: executing libtool commands

## ---------------- ##
## Cache variables. ##
## ---------------- ##

ac_cv_build=x86_64-pc-linux-gnu
ac_cv_c_bigendian=no
ac_cv_c_compiler_gnu=yes
ac_cv_cxx_compiler_gnu=yes
ac_cv_env_CCC_set=
ac_cv_env_CCC_value=
ac_cv_env_CC_set=
ac_cv_env_CC_value=
ac_cv_env_CFLAGS_set=
ac_cv_env_CFLAGS_value=
ac_cv_env_CPPFLAGS_set=
ac_cv_env_CPPFLAGS_value=
ac_cv_env_CPP_set=
ac_cv_env_CPP_value=
ac_cv_env_CXXCPP_set=
ac_cv_env_CXXCPP_value=
ac_cv_env_CXXFLAGS_set=
ac_cv_env_CXXFLAGS_value=
ac_cv_env_CXX_set=
ac_cv_env_CXX_value=
ac_cv_env_DEPS_FMT_CFLAGS_set=
ac_cv_env_DEPS_FMT_CFLAGS_value=
ac_cv_env_DEPS_FMT_LIBS_set=
ac_cv_env_DEPS_FMT_LIBS_value=
ac_cv_env_DEPS_PYTHON_CFLAGS_set=
ac_cv_env_DEPS_PYTHON_CFLAGS_value=
ac_cv_env_DEPS_PYTHON_LIBS_set=
ac_cv_env_DEPS_PYTHON_LIBS_value=
ac_cv_env_GSTREAMERMM_1_0_CFLAGS_set=
ac_cv_env_GSTREAMERMM_1_0_CFLAGS_value=
ac_cv_env_GSTREAMERMM_1_0_LIBS_set=
ac_cv_env_GSTREAMERMM_1_0_LIBS_value=
ac_cv_env_LDFLAGS_set=
ac_cv_env_LDFLAGS_value=
ac_cv_env_LIBS_set=
ac_cv_env_LIBS_value=
ac_cv_env_LT_SYS_LIBRARY_PATH_set=
ac_cv_env_LT_SYS_LIBRARY_PATH_value=
ac_cv_env_PKG_CONFIG_LIBDIR_set=
ac_cv_env_PKG_CONFIG_LIBDIR_value=
ac_cv_env_PKG_CONFIG_PATH_set=
ac_cv_env_PKG_CONFIG_PATH_value=
ac_cv_env_PKG_CONFIG_set=
ac_cv_env_PKG_CONFIG_value=
ac_cv_env_QT5_CFLAGS_set=
ac_cv_env_QT5_CFLAGS_value=
ac_cv_env_QT5_LIBS_set=
ac_cv_env_QT5_LIBS_value=
ac_cv_env_TP_QT5_CFLAGS_set=
ac_cv_env_TP_QT5_CFLAGS_value=
ac_cv_env_TP_QT5_LIBS_set=
ac_cv_env_TP_QT5_LIBS_value=
ac_cv_env_build_alias_set=
ac_cv_env_build_alias_value=
ac_cv_env_host_alias_set=
ac_cv_env_host_alias_value=
ac_cv_env_target_alias_set=
ac_cv_env_target_alias_value=
ac_cv_func_clock_gettime=yes
ac_cv_header_dlfcn_h=yes
ac_cv_header_inttypes_h=yes
ac_cv_header_linux_version_h=yes
ac_cv_header_memory_h=yes
ac_cv_header_stdc=yes
ac_cv_header_stdint_h=yes
ac_cv_header_stdlib_h=yes
ac_cv_header_string_h=yes
ac_cv_header_strings_h=yes
ac_cv_header_sys_stat_h=yes
ac_cv_header_sys_time_h=yes
ac_cv_header_sys_types_h=yes
ac_cv_header_time=yes
ac_cv_header_time_h=yes
ac_cv_header_unistd_h=yes
ac_cv_host=x86_64-pc-linux-gnu
ac_cv_lib_dl_dlopen=yes
ac_cv_member_struct_sockaddr_in_sin_len=no
ac_cv_objext=o
ac_cv_path_EGREP='/usr/bin/grep -E'
ac_cv_path_FGREP='/usr/bin/grep -F'
ac_cv_path_GREP=/usr/bin/grep
ac_cv_path_SED=/usr/bin/sed
ac_cv_path_ac_pt_PKG_CONFIG=/usr/bin/pkg-config
ac_cv_path_install='/usr/bin/install -c'
ac_cv_path_lt_DD=/usr/bin/dd
ac_cv_path_mkdir=/usr/bin/mkdir
ac_cv_prog_AWK=gawk
ac_cv_prog_CPP='gcc -E'
ac_cv_prog_CXXCPP='g++ -E'
ac_cv_prog_ac_ct_AR=ar
ac_cv_prog_ac_ct_CC=gcc
ac_cv_prog_ac_ct_CXX=g++
ac_cv_prog_ac_ct_OBJDUMP=objdump
ac_cv_prog_ac_ct_RANLIB=ranlib
ac_cv_prog_ac_ct_STRIP=strip
ac_cv_prog_cc_c89=
ac_cv_prog_cc_g=yes
ac_cv_prog_cxx_g=yes
ac_cv_prog_make_make_set=yes
ac_cv_search_gethostbyname='none required'
ac_cv_search_socket='none required'
am_cv_CC_dependencies_compiler_type=gcc3
am_cv_CXX_dependencies_compiler_type=gcc3
am_cv_make_support_nested_variables=yes
am_cv_prog_cc_c_o=yes
am_cv_prog_tar_pax=gnutar
ax_cv_cxx_compile_cxx11__std_gnupp11=yes
ax_cv_have_epoll=yes
curl_cv_gclk_LIBS=
curl_cv_save_LIBS=
lt_cv_ar_at_file=@
lt_cv_archive_cmds_need_lc=no
lt_cv_deplibs_check_method=pass_all
lt_cv_file_magic_cmd='$MAGIC_CMD'
lt_cv_file_magic_test_file=
lt_cv_ld_reload_flag=-r
lt_cv_nm_interface='BSD nm'
lt_cv_objdir=.libs
lt_cv_path_LD=/usr/bin/ld
lt_cv_path_LDCXX='/usr/bin/ld -m elf_x86_64'
lt_cv_path_NM='/usr/bin/nm -B'
lt_cv_path_mainfest_tool=no
lt_cv_prog_compiler_c_o=yes
lt_cv_prog_compiler_c_o_CXX=yes
lt_cv_prog_compiler_pic='-fPIC -DPIC'
lt_cv_prog_compiler_pic_CXX='-fPIC -DPIC'
lt_cv_prog_compiler_pic_works=yes
lt_cv_prog_compiler_pic_works_CXX=yes
lt_cv_prog_compiler_rtti_exceptions=no
lt_cv_prog_compiler_static_works=no
lt_cv_prog_compiler_static_works_CXX=no
lt_cv_prog_gnu_ld=yes
lt_cv_prog_gnu_ldcxx=yes
lt_cv_sharedlib_from_linklib_cmd='printf %s\n'
lt_cv_shlibpath_overrides_runpath=yes
lt_cv_sys_global_symbol_pipe='sed -n -e '\''s/^.*[	 ]\([ABCDGIRSTW][ABCDGIRSTW]*\)[	 ][	 ]*\([_A-Za-z][_A-Za-z0-9]*\)$/\1 \2 \2/p'\'' | sed '\''/ __gnu_lto/d'\'''
lt_cv_sys_global_symbol_to_c_name_address='sed -n -e '\''s/^: \(.*\) .*$/  {"\1", (void *) 0},/p'\'' -e '\''s/^[ABCDGIRSTW][ABCDGIRSTW]* .* \(.*\)$/  {"\1", (void *) \&\1},/p'\'''
lt_cv_sys_global_symbol_to_c_name_address_lib_prefix='sed -n -e '\''s/^: \(.*\) .*$/  {"\1", (void *) 0},/p'\'' -e '\''s/^[ABCDGIRSTW][ABCDGIRSTW]* .* \(lib.*\)$/  {"\1", (void *) \&\1},/p'\'' -e '\''s/^[ABCDGIRSTW][ABCDGIRSTW]* .* \(.*\)$/  {"lib\1", (void *) \&\1},/p'\'''
lt_cv_sys_global_symbol_to_cdecl='sed -n -e '\''s/^T .* \(.*\)$/extern int \1();/p'\'' -e '\''s/^[ABCDGIRSTW][ABCDGIRSTW]* .* \(.*\)$/extern char \1;/p'\'''
lt_cv_sys_global_symbol_to_import=
lt_cv_sys_max_cmd_len=1572864
lt_cv_to_host_file_cmd=func_convert_file_noop
lt_cv_to_tool_file_cmd=func_convert_file_noop
lt_cv_truncate_bin='/usr/bin/dd bs=4096 count=1'

## ----------------- ##
## Output variables. ##
## ----------------- ##

ACLOCAL='${SHELL} /home/hbr/temprepos/app.thirdpartybuild/ssky_reconserver/resiprocate/build-aux/missing aclocal-1.16'
AMDEPBACKSLASH='\'
AMDEP_FALSE='#'
AMDEP_TRUE=''
AMTAR='$${TAR-tar}'
AM_BACKSLASH='\'
AM_DEFAULT_V='$(AM_DEFAULT_VERBOSITY)'
AM_DEFAULT_VERBOSITY='1'
AM_V='$(V)'
AR='ar'
AUTOCONF='${SHELL} /home/hbr/temprepos/app.thirdpartybuild/ssky_reconserver/resiprocate/build-aux/missing autoconf'
AUTOHEADER='${SHELL} /home/hbr/temprepos/app.thirdpartybuild/ssky_reconserver/resiprocate/build-aux/missing autoheader'
AUTOMAKE='${SHELL} /home/hbr/temprepos/app.thirdpartybuild/ssky_reconserver/resiprocate/build-aux/missing automake-1.16'
AWK='gawk'
BUILD_APPS_FALSE=''
BUILD_APPS_TRUE='#'
BUILD_GSTREAMER_FALSE=''
BUILD_GSTREAMER_TRUE='#'
BUILD_ICHAT_GW_FALSE=''
BUILD_ICHAT_GW_TRUE='#'
BUILD_P2P_FALSE=''
BUILD_P2P_TRUE='#'
BUILD_PYTHON_FALSE=''
BUILD_PYTHON_TRUE='#'
BUILD_QPID_PROTON_FALSE=''
BUILD_QPID_PROTON_TRUE='#'
BUILD_RECON_FALSE=''
BUILD_RECON_TRUE='#'
BUILD_REND_FALSE=''
BUILD_REND_TRUE='#'
BUILD_REPRO_DSO_PLUGINS_FALSE=''
BUILD_REPRO_DSO_PLUGINS_TRUE='#'
BUILD_REPRO_FALSE=''
BUILD_REPRO_TRUE='#'
BUILD_RETURN_FALSE=''
BUILD_RETURN_TRUE='#'
BUILD_TELEPATHY_CM_FALSE=''
BUILD_TELEPATHY_CM_TRUE='#'
BUILD_TFM_FALSE=''
BUILD_TFM_TRUE='#'
CC='gcc'
CCDEPMODE='depmode=gcc3'
CFLAGS='-g -O2 -Wall -Wno-deprecated'
CPP='gcc -E'
CPPFLAGS=' -DENABLE_LOG_REPOSITORY_DETAILS -D_REENTRANT'
CXX='g++ -std=gnu++11'
CXXCPP='g++ -E -std=gnu++11'
CXXDEPMODE='depmode=gcc3'
CXXFLAGS='-g -O2 -Wall -Wno-deprecated -I$(top_srcdir)/rutil/dns/ares'
CYGPATH_W='echo'
DEFS='-DHAVE_CONFIG_H'
DEPDIR='.deps'
DEPS_FMT_CFLAGS=''
DEPS_FMT_LIBS=''
DEPS_PYTHON_CFLAGS=''
DEPS_PYTHON_LIBS=''
DEPS_PYTHON_VERSION=''
DLLTOOL='false'
DSYMUTIL=''
DUMPBIN=''
ECHO_C=''
ECHO_N='-n'
ECHO_T=''
EGREP='/usr/bin/grep -E'
EXEEXT=''
FGREP='/usr/bin/grep -F'
GPERF='${SHELL} /home/hbr/temprepos/app.thirdpartybuild/ssky_reconserver/resiprocate/build-aux/missing gperf'
GREP='/usr/bin/grep'
GSTREAMERMM_1_0_CFLAGS=''
GSTREAMERMM_1_0_LIBS=''
HAVE_CXX11='1'
HAVE_LIBDL_FALSE='#'
HAVE_LIBDL_TRUE=''
INSTALL_DATA='${INSTALL} -m 644'
INSTALL_PROGRAM='${INSTALL}'
INSTALL_SCRIPT='${INSTALL}'
INSTALL_STRIP_PROGRAM='$(install_sh) -c -s'
LD='/usr/bin/ld -m elf_x86_64'
LDFLAGS=' -L$(top_builddir)/rutil/dns/ares'
LIBARES_LIBADD='$(top_builddir)/rutil/dns/ares/libresipares.la'
LIBGEOIP_LIBADD=''
LIBLOG_LIBADD=''
LIBMYSQL_LIBADD=''
LIBNETSNMP_LDADD=''
LIBOBJS=''
LIBPOPT_LIBADD=''
LIBPOSTGRESQL_LIBADD=''
LIBPTHREAD_LIBADD='-lpthread'
LIBRADIUS_LIBADD=''
LIBS='-ldl '
LIBSSL_LIBADD=''
LIBSTL_LIBADD=''
LIBTOOL='$(SHELL) $(top_builddir)/libtool'
LIBTOOL_VERSION_RELEASE='-release 1.13'
LIPO=''
LN_S='ln -s'
LTLIBOBJS=''
LT_SYS_LIBRARY_PATH=''
MACOSX_FALSE=''
MACOSX_TRUE='#'
MAINT='#'
MAINTAINER_MODE_FALSE=''
MAINTAINER_MODE_TRUE='#'
MAKEINFO='${SHELL} /home/hbr/temprepos/app.thirdpartybuild/ssky_reconserver/resiprocate/build-aux/missing makeinfo'
MANIFEST_TOOL=':'
MKDIR_P='/usr/bin/mkdir -p'
NM='/usr/bin/nm -B'
NMEDIT=''
OBJDUMP='objdump'
OBJEXT='o'
OTOOL64=''
OTOOL=''
PACKAGE='resiprocate'
PACKAGE_BUGREPORT=''
PACKAGE_NAME='resiprocate'
PACKAGE_STRING='resiprocate 1.13.0~alpha1'
PACKAGE_TARNAME='resiprocate'
PACKAGE_URL=''
PACKAGE_VERSION='1.13.0~alpha1'
PATH_SEPARATOR=':'
PKG_CONFIG='/usr/bin/pkg-config'
PKG_CONFIG_LIBDIR=''
PKG_CONFIG_PATH=''
PYCXX_SRCDIR=''
QT5_CFLAGS=''
QT5_LIBS=''
RANLIB='ranlib'
RECON_LOCAL_HW_TESTS_FALSE=''
RECON_LOCAL_HW_TESTS_TRUE='#'
RESIP_ASSERT_SYSLOG_FALSE=''
RESIP_ASSERT_SYSLOG_TRUE='#'
SED='/usr/bin/sed'
SET_MAKE=''
SHELL='/bin/sh'
SO_RELEASE='1.13'
STRIP='strip'
TP_QT5_CFLAGS=''
TP_QT5_LIBS=''
USE_ARES_FALSE='#'
USE_ARES_TRUE=''
USE_CARES_FALSE=''
USE_CARES_TRUE='#'
USE_FMT_FALSE=''
USE_FMT_TRUE='#'
USE_KURENTO_FALSE=''
USE_KURENTO_TRUE='#'
USE_MAXMIND_GEOIP_FALSE=''
USE_MAXMIND_GEOIP_TRUE='#'
USE_MYSQL_FALSE=''
USE_MYSQL_TRUE='#'
USE_NETSNMP_FALSE=''
USE_NETSNMP_TRUE='#'
USE_POPT_FALSE=''
USE_POPT_TRUE='#'
USE_POSTGRESQL_FALSE=''
USE_POSTGRESQL_TRUE='#'
USE_RADIUS_CLIENT_FALSE=''
USE_RADIUS_CLIENT_TRUE='#'
USE_SIPXTAPI_FALSE=''
USE_SIPXTAPI_TRUE='#'
USE_SOCI_MYSQL_FALSE=''
USE_SOCI_MYSQL_TRUE='#'
USE_SOCI_POSTGRESQL_FALSE=''
USE_SOCI_POSTGRESQL_TRUE='#'
USE_SRTP1_FALSE=''
USE_SRTP1_TRUE='#'
USE_SSL_FALSE=''
USE_SSL_TRUE='#'
VERSION='1.13.0~alpha1'
ac_ct_AR='ar'
ac_ct_CC='gcc'
ac_ct_CXX='g++'
ac_ct_DUMPBIN=''
am__EXEEXT_FALSE=''
am__EXEEXT_TRUE='#'
am__fastdepCC_FALSE='#'
am__fastdepCC_TRUE=''
am__fastdepCXX_FALSE='#'
am__fastdepCXX_TRUE=''
am__include='include'
am__isrc=' -I$(srcdir)'
am__leading_dot='.'
am__nodep='_no'
am__quote=''
am__tar='tar --format=posix -chf - "$$tardir"'
am__untar='tar -xf -'
bindir='${exec_prefix}/bin'
build='x86_64-pc-linux-gnu'
build_alias=''
build_cpu='x86_64'
build_os='linux-gnu'
build_vendor='pc'
datadir='${datarootdir}'
datarootdir='${prefix}/share'
docdir='${datarootdir}/doc/${PACKAGE_TARNAME}'
dvidir='${docdir}'
exec_prefix='${prefix}'
host='x86_64-pc-linux-gnu'
host_alias=''
host_cpu='x86_64'
host_os='linux-gnu'
host_vendor='pc'
htmldir='${docdir}'
includedir='${prefix}/include'
infodir='${datarootdir}/info'
install_sh='${SHELL} /home/hbr/temprepos/app.thirdpartybuild/ssky_reconserver/resiprocate/build-aux/install-sh'
libdir='${exec_prefix}/lib'
libexecdir='${exec_prefix}/libexec'
localedir='${datarootdir}/locale'
localstatedir='${prefix}/var'
mandir='${datarootdir}/man'
mkdir_p='$(MKDIR_P)'
oldincludedir='/usr/include'
pdfdir='${docdir}'
prefix='/usr/local'
program_transform_name='s,x,x,'
psdir='${docdir}'
reproplugindir='${pkglibdir}/repro/plugins'
returnpkglibdir='${pkglibdir}/reTurnServer'
runstatedir='${localstatedir}/run'
sbindir='${exec_prefix}/sbin'
sharedstatedir='${prefix}/com'
sysconfdir='${prefix}/etc'
target_alias=''

## ----------- ##
## confdefs.h. ##
## ----------- ##

/* confdefs.h */
#define PACKAGE_NAME "resiprocate"
#define PACKAGE_TARNAME "resiprocate"
#define PACKAGE_VERSION "1.13.0~alpha1"
#define PACKAGE_STRING "resiprocate 1.13.0~alpha1"
#define PACKAGE_BUGREPORT ""
#define PACKAGE_URL ""
#define PACKAGE "resiprocate"
#define VERSION "1.13.0~alpha1"
#define STDC_HEADERS 1
#define HAVE_SYS_TYPES_H 1
#define HAVE_SYS_STAT_H 1
#define HAVE_STDLIB_H 1
#define HAVE_STRING_H 1
#define HAVE_MEMORY_H 1
#define HAVE_STRINGS_H 1
#define HAVE_INTTYPES_H 1
#define HAVE_STDINT_H 1
#define HAVE_UNISTD_H 1
#define HAVE_DLFCN_H 1
#define LT_OBJDIR ".libs/"
#define GPERF_SIZE_TYPE size_t
#define HAVE_CXX11 1
#define REPRO_BUILD_REV PACKAGE_VERSION
#define REPRO_BUILD_HOST "localhost"
#define REPRO_RELEASE_VERSION PACKAGE_VERSION
#define DB_HEADER "db_cxx.h"
#define RESIP_SIP_MSG_MAX_BYTES 10485760
#define USE_ARES /**/
#define TIME_WITH_SYS_TIME 1
#define HAVE_SYS_TYPES_H 1
#define HAVE_SYS_TIME_H 1
#define HAVE_TIME_H 1
#define HAVE_CLOCK_GETTIME_MONOTONIC 1
#define HAVE_EPOLL 1
#define HAVE_LIBDL 1

configure: exit 0
